3 93 227 264
3 193 130 232
3 192 254 236
3 175 4 139
3 24 286 37
3 61 86 220
3 278 82 98
3 30 274 217
3 228 100 280
3 108 252 5
3 115 183 297
3 215 118 241
3 149 152 81
3 248 142 202
3 7 153 66
3 3 110 251
3 44 191 275
3 60 17 150
3 35 104 102
3 123 233 160
3 164 55 51
3 91 38 88
3 186 187 292
3 222 97 253
3 136 103 171
3 214 169 190
3 208 0 158
3 273 34 291
3 72 124 119
3 146 268 203
3 283 28 298
3 170 147 25
3 250 41 197
3 109 56 8
3 290 22 57
3 173 92 226
3 154 76 116
3 161 46 155
3 281 230 216
3 45 113 53
3 39 174 106
3 209 179 42
3 238 20 40
3 132 221 199
3 172 36 223
3 69 188 1
3 207 269 234
3 129 9 84
3 201 70 126
3 95 244 245
3 224 260 49
3 105 47 270
3 21 64 138
3 277 31 229
3 177 166 131
3 128 289 89
3 255 178 267
3 272 52 137
3 27 77 246
3 266 74 99
3 182 65 16
3 206 29 96
3 75 135 165
3 101 48 263
3 50 143 195
3 196 295 231
3 68 258 243
3 284 11 279
3 213 288 87
3 296 67 205
3 15 144 287
3 125 121 18
3 239 73 212
3 145 80 242
3 157 43 237
3 62 159 33
3 133 180 225
3 59 83 299
3 218 127 247
3 194 200 249
3 271 167 117
3 140 240 23
3 162 78 122
3 257 276 54
3 294 2 261
3 141 120 211
3 13 235 112
3 176 219 259
3 14 90 32
3 198 107 181
3 148 285 185
3 210 189 111
3 71 6 134
3 204 85 94
3 19 79 114
3 256 12 293
3 163 156 63
3 58 265 184
3 282 168 151
3 10 26 262
