34 7024 3352 7499 9345 3640 6077 7629 4681 5440 6408 2933 6594 8386 3335 78 7725 3830 756 8035 4679 9824 1550 9509 839 7126 4981 4794 7206 4145 2572 1783 354 6838 8784
34 699 6492 5731 8298 7888 4771 2188 7635 9749 5580 9724 4026 7278 6379 3699 2000 1534 196 1629 2246 2096 5596 3434 5367 4224 4141 3173 8279 2049 4868 7301 8711 1500 9594
37 3545 574 5199 1430 4968 4711 5858 2016 1558 8941 4940 1300 3120 8780 5782 7784 1453 8865 204 4786 7195 5660 537 2080 6520 8328 641 390 7323 8493 3119 3207 4927 3747 5461 2307 2320
34 4131 9128 6985 1231 8473 144 8048 6716 6969 2610 6145 558 1245 422 3437 567 2555 2148 7558 9816 2197 6418 5989 3251 8325 1676 7319 6569 4494 2500 9666 2537 1076 1466
38 2355 6373 202 8066 2535 2763 7002 595 527 5376 5155 7934 4863 314 1009 6513 9701 5545 7250 5033 1628 4247 4271 1168 6649 4512 2891 1675 8596 8715 5806 6773 2243 944 7436 2954 8646 9822
34 7706 5037 3050 8812 182 49 1705 4772 8512 2476 1198 7891 1185 11 7653 8234 8125 8212 8039 3722 5042 6644 3555 1694 2505 3473 1043 5601 3672 1398 986 5739 3709 2669
37 5439 8727 3108 8507 2621 6024 9199 6083 2159 1840 8552 112 2622 2260 9021 1227 7078 2592 7912 7911 4379 894 4012 4075 6346 3169 7161 8275 8693 7520 9972 4499 1306 4384 1767 8425 5512
37 9035 7787 5611 6542 1293 2836 5973 8569 7943 2486 5209 3026 308 9365 6293 9076 85 5024 2314 465 6872 8033 4612 4360 3611 3145 4369 6348 6631 9988 2751 3928 5446 3331 602 4401 5445
32 4217 9213 1379 2788 2880 8590 2191 2923 6429 89 4899 3904 9068 2090 6309 9528 4466 7115 6102 6893 601 3124 7060 6815 8550 8533 1074 4159 7762 7896 7193 4735
34 640 7329 5895 7449 6791 5370 6704 4060 6021 8888 7312 1209 1807 6741 8105 8885 3133 3385 9798 1396 7793 8656 9957 3949 5567 3925 5765 6310 9542 4317 5876 6252 9727 5537
35 2036 8075 5032 9625 8836 9115 5272 5603 9852 1899 7963 2709 9667 6394 7146 769 7877 6236 3581 16 9763 7154 3858 985 3584 885 8349 5871 2885 2059 1292 5752 1970 4304 5169
37 4525 3852 3856 3553 5003 7512 3509 7737 667 6923 3739 1211 2368 1157 1608 591 5935 5337 6551 2870 178 8046 5558 1574 5254 6941 7251 8712 945 428 8928 1434 6911 2421 6440 3994 8356
37 4609 4380 4118 3404 4368 1864 1555 7900 2001 5444 1615 8103 7091 4635 8165 9654 5882 5812 2876 2017 9024 9685 6944 7411 5145 9204 3380 6516 8372 2321 255 8824 2963 9211 9232 676 6885
36 6579 7902 3764 1402 5953 9964 2801 5421 1674 7841 2840 7069 3099 2955 4775 360 2494 3028 580 6487 4787 4870 9866 7183 9526 4910 8968 3414 7142 9165 7452 4762 5886 4675 3191 7848
35 8100 1523 814 9577 6607 1360 8852 9344 2010 9617 9835 8050 5919 2438 9579 4872 9337 1433 6351 252 9349 5432 9071 6303 7865 6906 5315 3966 9893 4596 5479 3087 8291 3422 8077
36 7766 1546 6605 2826 3057 3261 2652 3048 3551 1077 1082 2574 7028 2241 2948 7719 5111 9696 7243 3511 2234 7638 1785 8102 8914 7686 7468 2779 8773 7617 9832 2150 907 9429 6766 3903
35 5649 8767 8704 7928 2447 6686 6363 9453 2823 4588 400 7984 9304 4327 2538 3227 1963 1724 6245 7090 686 3758 174 9201 1114 4326 5025 7606 4590 5630 8969 9778 6843 4119 1423
36 1860 7745 1414 6971 2967 6436 7551 4274 9271 7425 1039 9393 2208 7937 9203 9659 5684 60 6265 8528 9032 6444 4854 5760 2750 464 6498 6787 3211 3465 2034 6802 2677 9 1671 9613
34 9953 336 8341 5670 6151 9707 9867 1065 534 6980 5295 4911 9640 5941 1259 576 9139 2200 6263 9312 4894 7484 4301 6240 6002 3604 2949 6982 6336 3114 6559 3485 2406 8119
36 1384 4383 1634 710 8389 280 7128 9301 572 5650 2099 9057 8612 7941 9119 3498 3878 3851 3090 1715 249 1576 5745 3427 8933 3841 9260 6453 9560 3772 4764 3260 9860 967 6227 3141
36 4733 4479 4815 6823 897 2825 8201 1026 787 102 1476 484 9122 2797 5168 7418 8150 3506 9324 7736 8045 9481 3127 5526 5628 9939 7269 1189 6693 6032 7443 7324 4396 4617 7070 4587
37 2922 6281 923 9851 7217 4138 6719 6200 7771 7303 1876 230 4461 588 6483 9123 3300 7429 124 167 7660 6295 9333 1582 2114 1825 9887 1956 1765 9405 2968 7780 5854 8167 8433 4109 5720
35 6896 6796 9697 9132 7345 3206 3281 1792 7004 8388 8429 6191 7756 3853 6100 1780 8682 5138 6954 1950 6010 7117 8660 3724 4867 8265 3284 7315 6780 4858 4064 5045 1495 9183 5759
35 38 3816 8363 4098 155 3474 7477 7375 1248 790 455 5584 6677 8344 4996 3522 6910 925 4834 4219 8483 209 5284 7390 7224 4213 3100 9895 7677 5996 6372 9555 1352 8253 6819
35 1158 3503 8518 9502 5534 1667 1214 3815 6600 1083 6073 7952 1861 4961 5268 7254 9017 1010 3937 2576 2251 4356 5993 4215 9943 988 3287 4823 9042 7378 541 3435 5893 8381 5795
38 147 2980 1268 7034 7270 5530 3081 330 6561 771 6927 4411 7550 2336 3526 5149 4745 1595 261 3092 9829 1987 1459 3289 5595 8710 1856 7613 5903 5668 169 7079 4631 8377 1830 2972 7213 3580
37 9421 6485 3534 2824 1444 5873 4697 1960 9505 9855 7792 1490 5672 9869 3396 4948 5959 5568 5396 797 6320 6833 2156 8042 7630 3476 2126 5889 1149 3402 5231 1891 10 2489 4706 392 7594
33 7795 4335 8669 3345 6411 2359 9222 5343 2827 8805 2180 7860 7011 6074 5999 2329 6068 4140 1124 2664 8171 1771 7258 7804 668 1935 5769 9493 3339 3908 2173 9938 2089
35 9934 9615 732 1191 7446 3871 7074 6870 8657 4924 6334 7768 5833 1241 8465 1021 9624 3738 8466 7208 924 1003 5880 516 3070 4295 3514 4655 670 172 747 1921 5807 4052 3420
36 7692 4513 8690 5164 9148 9135 7788 5171 4375 9089 4283 4123 7068 8896 9663 5232 8413 3864 4913 3176 9179 2648 1952 6452 7990 2147 8708 565 5784 5287 5655 9400 2756 8803 1179 6615
36 8655 1219 1867 1601 644 7508 1265 3248 9108 5262 4158 1410 2921 8130 9645 3653 4002 1457 4031 6523 5599 7704 4229 842 5946 9073 2219 9910 2735 2154 6567 4467 6545 4946 704 8387
37 7533 1784 4359 8439 6689 3067 3200 3131 7534 1117 1953 3946 5695 9849 9853 8964 5900 4892 9578 386 6549 3194 1579 183 652 6563 2803 3932 5737 863 310 6134 3527 1816 495 4535 7296
37 5230 3407 2892 8620 654 2274 882 1517 3162 6135 7013 1548 9903 2984 7518 5197 8437 478 4848 6120 3144 4689 3980 6025 3760 4126 4385 3013 6839 2741 4511 8159 837 1981 2702 1962 6529
37 6826 3243 5753 4187 582 779 6756 1460 9758 1798 8358 6765 1258 7051 2116 8283 4284 3725 5923 1957 4879 7363 4793 1931 4341 1200 869 5692 9671 9804 4190 4885 190 8199 4608 3468 3920
35 692 8163 9059 7082 8444 7748 855 8609 4398 1081 4645 1954 8020 9789 7451 4266 26 8606 6581 7191 6377 9230 7157 4840 6187 778 7108 1692 4339 7728 9007 177 6329 871 8519
36 4412 4328 4005 4022 2128 6184 7041 1565 3134 7547 435 8599 1919 625 4669 7895 5104 5484 5840 5669 2210 2647 4057 4230 111 9198 7869 8254 4758 3899 5363 4929 2145 8010 4717 8972
37 5063 2050 1895 179 8523 8176 6738 9413 6678 4725 1095 3855 630 1463 8944 6847 6898 5613 2435 6757 5625 5550 9028 2101 6059 1455 1350 3292 1691 3401 7145 1567 2946 1134 6809 2228 6685
35 7505 320 821 5 175 4731 5961 4919 7716 7986 6540 9338 5203 8131 3384 8096 5950 7715 9288 4105 9713 5890 5073 4514 6884 9740 1475 7830 1024 129 408 1385 5487 9459 9458
36 1247 2533 521 7503 9847 7791 5736 3436 5245 9743 2193 3901 3196 7454 4646 8496 7513 7818 2199 9833 4504 3118 8882 8804 7672 2400 1371 5127 9967 6584 7294 2943 5014 8346 8304 2645
35 2563 8645 7859 984 3440 2550 250 5850 3229 7532 9328 7095 153 128 8404 7247 3796 9543 2679 4107 8240 3075 4957 7215 5794 3033 4082 8316 2308 9471 7428 5835 7383 5249 3294
34 7615 8003 6057 2428 6724 8338 2283 8536 2959 8111 1028 1848 2155 1568 1101 9300 2361 2717 2830 5094 7240 697 1236 8661 3548 3301 906 761 8188 4798 1363 7583 6108 6803
37 7749 9299 6209 8355 459 5220 9428 6612 2470 8689 2309 8579 1609 3315 6016 2582 2403 7909 1839 1199 5211 3931 6175 780 2845 6548 8867 2287 9326 1533 2458 8843 5851 3883 450 2908 9501
35 8285 8224 9098 2048 7973 3323 2198 6764 6012 5050 2261 2738 7614 4695 9366 8589 2916 1376 2468 6163 8559 3303 8418 270 9374 5970 6326 1979 1544 7381 9768 1810 1934 3156 1766
33 7842 3451 4811 6621 7264 5693 2097 7723 8850 29 3452 1041 7261 3280 8109 5949 3088 5443 5330 7743 8249 1744 2571 2341 9386 8043 993 9504 9051 6660 8758 5012 9681
37 7445 346 7733 6157 1202 8322 4600 8906 5028 1836 4257 5088 4665 3115 9746 1649 3587 1220 291 7824 8012 736 9286 1584 6369 966 7557 7945 6837 3652 2875 1795 8143 1079 4242 8261 8123
33 5126 9200 134 4450 7153 586 4433 631 5044 1229 438 8068 1863 9022 9716 9420 523 7395 2345 3710 8797 7447 5925 9427 3565 7039 8339 5224 8908 3654 9212 8703 4654
35 6300 370 8866 1284 6228 1477 5065 1458 940 2039 3728 8622 7337 2886 2656 7332 6630 9465 8409 9319 776 800 5910 9281 6557 4439 2548 1218 4264 7141 7649 4692 7862 5962 2810
36 5616 743 7098 976 7522 2254 1137 6082 3763 5559 6788 5352 3792 2864 3849 1482 536 8624 8499 5518 1591 3810 7861 4575 2732 6636 4759 8380 278 1063 6972 7982 1088 3557 6500 3586
37 5694 9890 1776 3887 9948 5696 1884 3062 6358 4462 5891 5096 3038 1663 1320 1711 4573 8956 9921 3742 4162 3037 4524 6934 7059 8334 7562 5068 1116 8952 3993 1151 5756 6105 6261 7579 5571
36 5954 8774 793 634 5314 2281 198 2651 7825 9318 6960 9730 1099 788 7009 5326 2682 5141 2102 881 6544 5867 9259 4826 2934 9546 150 8331 7779 5369 4534 7813 6214 8230 340 6047
36 727 9913 7479 5781 4500 8067 955 3869 2026 913 5401 4649 5123 4883 403 1156 6264 6428 4821 4537 418 257 6687 5974 4103 6112 6258 5106 2734 6759 783 6099 8564 2877 1031 5703
38 8214 3102 3736 5636 7821 6795 8984 8665 2866 5572 9983 3817 316 2764 4128 6221 5582 3673 1597 4322 1843 7045 8853 2847 6017 7185 3693 4641 9037 6813 8677 2203 9905 1382 2259 5922 6699 645
37 4456 7481 3117 5606 3258 7336 4673 5353 9363 290 4656 2931 2865 5371 6830 663 3318 2396 3161 8221 4209 3221 8679 6590 2405 8406 5952 4281 451 436 5092 7959 2659 4258 1614 7640 1502
35 1030 8497 8602 3083 4805 9806 9978 1973 8500 9914 8286 8618 2035 9194 3230 4427 8023 3183 7169 9963 2874 4584 168 6735 5679 162 1109 1210 9993 2637 4790 8135 9483 3831 3244
36 6784 3791 3692 4476 8021 7644 7796 2998 2529 8864 494 8351 2232 9599 338 4157 7297 2364 4956 2485 4987 7979 40 8200 9805 990 6106 6089 7025 4046 6280 3178 4481 2626 7230 4904
35 3271 8979 6213 5733 2578 8011 5204 6396 1554 8521 1160 9646 4915 4548 6458 545 7554 7357 7194 9799 3969 9053 7420 5992 7567 6541 3091 4275 1940 2817 3263 9764 2093 1762 6128
34 180 2636 9689 9456 3719 3508 2284 2492 4672 7389 2904 2271 4970 8087 865 3159 1599 3374 3332 503 9636 1256 1631 633 3741 8524 9461 8060 3951 237 4220 8878 9267 8966
37 9609 1062 7287 41 8237 9309 2002 4750 2463 7797 1871 5975 5868 3595 6045 6323 5523 6356 1713 8543 5598 6403 5914 2115 4871 5079 4156 7162 1271 8658 3055 7469 1920 5456 1993 7205 739
34 7669 7035 5506 1747 7556 4804 7576 5472 234 2736 6104 5026 5324 3360 3490 4391 2805 4376 4200 9664 4100 3748 8915 9316 9170 8525 417 4133 5467 4344 5153 1173 2539 6424
35 1147 8053 826 5034 7099 7894 2757 1971 8241 8913 9462 2638 9060 4522 3239 6661 7046 8926 5589 8373 981 8370 2229 5773 1349 6378 7488 2752 1260 1383 8526 3626 1929 7138 7526
33 1537 9107 1115 6814 9173 6009 6033 3910 7461 5447 9779 9192 5609 7049 8674 7204 6692 1877 2849 9253 6807 5594 7778 7352 5219 5399 7528 4856 6441 1084 9589 1941 8927
36 7507 8925 3715 22 9452 3187 4580 4176 1586 7930 7619 5380 5229 442 5524 87 4907 4855 6867 4918 6479 942 4349 9719 5704 7203 2477 6183 8654 3137 5602 4194 6381 9491 3696 570
36 5451 3793 7471 2532 9704 6248 2686 5007 9926 5789 5282 1854 8259 3494 5957 1526 4683 248 335 1251 5190 491 7137 4636 1064 2061 406 2317 2258 6081 2838 2698 8117 9096 4727 2075
37 8916 8831 4038 8410 5837 3778 8683 7501 3041 2207 914 4784 5814 4435 4454 7903 8845 9980 7031 973 2436 2589 6158 483 6963 7740 9718 1049 27 8015 6037 5248 2127 482 4943 3714 8292
35 508 9274 3373 2611 9444 696 6727 5322 3834 1625 5130 1011 4988 1924 1945 6874 9987 5187 2164 8220 3954 3794 4132 5004 6950 538 3488 471 3226 7416 6690 798 6003 5394 5966
35 4400 9190 3624 9880 4009 6123 3753 3857 2960 4934 8768 6199 4310 5442 6758 889 6093 3103 1737 3372 1948 859 3813 6629 854 2689 6749 2070 3996 5527 2729 9512 3060 4799 3978
33 6775 5821 9780 4906 50 9818 9686 3017 1635 1035 9661 4296 1066 1759 2716 9974 7379 5125 8419 6976 4909 3236 3706 2911 1853 7114 1549 2367 600 6297 9496 361 6503
37 1006 6995 3729 5468 1405 563 3530 6141 3807 5298 7393 8487 7266 6560 9041 4006 7870 419 3683 8936 8833 156 2688 6060 2339 1187 608 7083 5239 3868 3757 1679 2781 4129 3564 8642 8434
38 7637 996 2926 6333 6572 4812 9620 4255 3348 4155 7790 8884 4532 6643 7765 1626 353 1013 9460 3585 9449 9515 9430 6435 385 8740 2522 9474 7466 8950 5144 7289 5070 5907 8546 1233 2220 1323
37 9567 3027 1930 3022 9472 8851 8527 2095 765 8720 760 3110 4661 1456 2137 1406 8574 3536 1287 9360 609 4887 7857 8722 4571 1673 3113 6844 3953 5279 4443 8513 9828 5758 9856 9673 3358
34 5497 1448 5071 7667 7462 3168 5688 6936 7569 6338 2129 1195 5727 1249 1817 817 9518 3812 9657 9658 2440 5808 5600 1411 3662 7042 2123 7318 1478 8196 4517 7543 2152 3814
35 4774 4495 8222 6806 2227 8978 1799 9391 2240 5515 4034 4225 3210 2018 5124 9970 5252 3386 8229 4185 8243 4529 9321 1366 3089 3341 3056 7237 3282 9005 4757 4389 9884 4876 5378
33 4560 2244 2499 6845 5826 2291 7018 3363 9954 9040 1281 4093 539 247 5391 6385 259 8881 9923 232 8352 241 960 8139 4460 2375 8999 9172 2073 2434 9484 5653 8628
35 4921 4551 7030 240 975 7360 6166 286 3241 5192 9803 1309 9313 9033 3936 4062 2510 6439 2157 358 6626 3773 1688 8766 3199 2516 6390 1285 2523 5413 7886 9647 5112 146 7032
35 5207 3701 2042 5615 4393 5419 5705 1372 7431 5912 6190 3744 8832 2067 2858 470 2296 1169 1528 9765 3948 3695 4783 3982 7648 7858 5390 5885 6493 8716 6064 8187 2755 9947 7949
34 474 8529 8069 9941 6393 9547 2822 9407 6861 2402 3767 1847 8530 6993 3150 302 1291 1316 3283 6822 9356 4585 3822 1170 589 3995 7586 7899 1365 9514 2743 7782 2174 4671
35 3121 9435 592 1303 9431 4276 6695 9819 4015 8582 7165 887 2501 7133 8255 5489 6652 2386 6708 8844 6519 7143 3805 7392 6850 3609 1702 6821 9121 1294 3460 9334 67 6769 6097
35 1886 3311 7080 5728 4426 6138 9193 7846 7121 9437 1266 5785 2650 7735 2595 7259 8560 2629 3061 6841 8551 5978 7087 1583 1726 3711 2835 8566 6789 2878 3356 6181 5385 1257 151
37 8296 9463 1770 9607 6517 9003 8986 7747 5475 2108 9358 2996 7998 4191 258 6431 7566 6842 2237 8251 2604 9690 4371 206 7274 8343 1907 3930 1912 7276 2871 5342 1274 369 9381 2206 2398
36 7597 6664 9233 6582 7348 5716 926 9865 1642 3749 5654 7641 9837 2363 4351 2991 1949 268 8192 1344 2178 7694 8542 8993 68 7465 9399 7833 9951 1718 365 5792 3040 8957 3804 6420
36 3479 1345 5297 8353 6127 6121 9362 1681 7698 4424 3285 141 7351 8504 3003 8195 8874 6080 1060 501 2614 5904 8491 3334 952 8922 6835 9264 755 5356 5894 4181 7089 6256 5839 3203
