25 8464 4867 6300 5493 8637 3157 5244 3984 7326 7335 8577 7274 4559 6108 9128 4699 8531 118 1096 4184 6872 1678 7187 9466 1448
25 8239 6296 8120 832 9651 2315 5113 3153 5854 3192 9805 8984 1566 5609 9081 8331 2213 5507 566 4226 2666 2320 2974 944 1334
25 3187 8960 5206 5385 2387 2742 9164 4670 3734 2108 1257 956 8941 4039 3916 8355 5330 7898 4464 709 6440 359 5001 716 394
25 8458 2038 4935 9955 9023 8334 6842 6546 2724 6945 2105 5673 7358 7424 1951 1386 3251 7005 8135 4666 6440 359 5001 8181 7563
25 3864 2533 8973 5958 2130 5075 1451 370 9311 6655 2596 5948 3843 268 5883 6914 4487 4831 4316 4610 3474 2035 4291 8181 5643
25 7882 1123 3955 4077 7117 3296 7186 717 4534 295 5172 6239 2277 6020 5822 2250 4800 8517 5722 6708 2920 136 7151 2358 1334
25 2499 3711 3667 516 3588 7093 2274 5545 4999 6458 1312 4594 406 4504 5822 2250 4800 8517 5722 6708 8744 5329 4739 6303 5643
25 5437 101 3687 2251 8883 9882 6690 1569 4354 445 2044 2694 7498 7562 9081 2667 5706 118 7265 4666 6440 359 5001 8181 1334
25 3173 7641 7402 255 6562 4466 6829 1494 6401 7385 8406 2353 9172 5118 8739 9322 6922 5345 9905 2925 5409 4322 1535 6303 1334
25 8991 8572 5755 6049 5538 7271 7886 7484 2716 2396 4474 6965 4048 2122 5464 377 7535 8521 1179 3968 722 1002 5050 8603 1334
25 7904 8981 7135 3875 6427 5800 1011 5224 7439 3913 6370 7384 3136 2046 5955 6914 4487 4831 7991 709 6440 9238 2974 5774 1334
25 5984 7089 2769 1489 3115 8212 7098 5122 5494 7370 3657 8350 6202 3600 7511 1071 8117 8524 7398 2707 763 4928 9247 8181 1334
25 558 158 6666 1505 4111 3995 7508 7301 6797 9695 9133 2280 1154 6357 6258 2309 9066 8580 1179 3968 722 1002 5050 8603 2050
25 2491 1163 5175 5825 138 2856 2539 9045 8219 9964 2635 5791 7141 9129 487 7211 9940 2602 671 2039 1604 4928 819 6303 2050
25 8565 5885 6620 2363 862 8434 3582 2994 7463 4389 8011 6084 5703 620 7395 3700 6922 5345 9905 2403 1873 4928 819 6303 2050
25 3905 208 9893 2067 9154 3750 1573 7407 8039 9902 4508 3363 8075 3029 2891 5923 7118 7129 6974 2741 6872 1678 819 6303 2050
25 6470 5179 1891 4865 2949 9794 8074 6275 1077 7051 4709 5806 4972 8493 4362 7343 4800 8517 5722 7052 1733 1002 5050 7379 2050
25 2832 3149 9088 1299 3915 7572 7049 2487 1136 4120 8630 8532 1574 2394 2571 6970 5534 7004 9272 2039 1604 4928 819 2721 3336
25 8070 5155 4023 8415 55 8381 7172 9007 2700 9237 758 6796 1063 1570 16 2357 7535 1345 3645 6784 1604 4928 819 2721 3336
25 9099 7092 3631 7306 7890 9972 2919 5412 5046 7323 9244 455 9172 5118 8739 9322 6922 5345 9905 4076 3641 1002 5050 7379 2050
25 9751 5352 4986 8693 6157 3869 4608 9041 508 3077 3354 9184 7366 3948 9 4729 2268 6105 5722 7052 1733 1002 5050 7379 2050
25 464 6063 1902 2388 6446 2157 3421 883 3678 1750 2295 5846 4559 6108 32 1191 2921 622 412 1583 9957 4779 4291 8181 2050
25 2735 8332 5988 1157 1317 8082 5148 7726 9496 621 8855 7422 6025 8292 487 7211 9940 2602 1152 2233 5136 638 7151 2358 2050
25 3478 4686 9571 2651 1168 1414 3859 1530 8118 3127 9966 8288 4972 8493 4362 7343 4800 8517 8632 4439 6440 3965 2974 5774 2050
25 3134 2058 4564 1697 8846 9655 9448 9711 1278 2738 7843 8491 9698 1439 7516 5584 5595 7564 527 7068 1459 6080 3851 5774 2050
25 5317 3119 6818 6166 5069 7471 6338 8223 9604 2655 866 9022 9698 1439 7516 5584 5595 7564 527 7068 7798 6553 4291 8181 2050
25 3519 4160 5040 6115 6828 2650 2633 9035 8591 2912 1527 4535 7225 6634 6452 1607 2120 28 3814 4920 6522 1968 4291 8181 2050
25 3407 3444 1937 5528 1635 7305 3663 144 5838 4193 997 6500 2481 6601 4362 7343 2120 28 3814 4920 6522 1968 4291 8181 2050
25 7314 9404 4195 7820 3082 5297 3078 6626 5080 5341 3772 6979 4048 4148 572 5663 3730 5836 3572 3968 8344 2193 1428 1970 2050
25 9949 7073 5547 349 9354 2618 6247 2276 7763 4589 3530 7534 7497 628 3932 2357 7535 1345 7288 9375 6872 1678 4604 8016 6709
25 2959 9685 8364 3626 5246 9228 29 8478 781 8133 4104 4558 2864 1255 4336 3992 6250 9632 9036 4920 4418 9181 4291 8181 2050
25 3198 5614 338 4560 1854 4958 8952 3132 4546 3335 4234 3661 1267 1460 6942 4502 3375 622 412 1583 574 9613 4291 2474 2050
25 7003 6189 7569 1601 4786 3488 2634 8927 5893 6704 1790 7765 4559 6108 32 1191 2921 622 412 1583 574 2797 1535 8016 633
25 2910 562 6505 8810 8933 1072 8362 1347 6261 4305 8025 1055 7721 478 9985 7387 9940 6125 412 1583 574 2797 7662 8016 633
25 5625 9391 3141 8554 2764 3798 6777 6905 8831 468 124 4849 5232 4673 505 949 2083 2214 2933 2741 2477 2193 7143 8016 633
25 8251 5754 1582 6630 1245 1413 1602 9811 6292 7200 1712 4545 5703 184 219 7888 6145 8527 1728 175 574 2797 7662 8016 633
25 8452 6980 8821 9492 3836 7998 4067 3786 1235 1034 9984 5712 5232 6601 4362 7343 2120 28 3814 5841 1234 9561 819 8016 633
25 3877 6900 9479 521 9688 4477 4938 3907 9046 4976 5111 8966 8768 8879 4254 3700 7669 7129 6974 2741 2477 2193 7143 8016 2181
25 1594 5862 7873 6479 1938 2345 9426 6982 9982 1974 9759 8486 9645 7578 3927 1427 9663 4651 7265 4666 6440 3965 819 8016 9070
25 8893 8875 4660 7178 1593 283 9852 3511 2390 411 5681 1164 8613 6813 1221 3434 6145 8527 9277 1618 5802 379 4291 2474 2050
25 6526 560 8112 7209 6206 4416 3736 6310 5741 8582 3744 7108 3186 6020 4362 7343 7383 2214 2933 2741 2477 2193 7143 8016 9070
25 8587 3770 2960 1737 6394 6565 244 299 3857 9524 2900 4013 9172 5118 8739 9322 6922 6728 7288 1618 7771 379 4291 2474 2050
25 5711 3924 6230 2621 1054 1508 9476 2063 6273 6183 5316 7959 5144 4436 16 2357 7535 1345 7288 1618 7771 379 4291 2474 2050
25 4985 8924 5695 6593 1907 4101 9073 1327 9484 7961 5095 6228 15 6277 1134 2357 7535 911 1741 8412 3741 604 7576 6961 2050
25 9764 9872 9916 7631 7870 7348 7819 3585 8989 4674 4701 4211 9255 3948 16 2464 4250 2848 7288 1618 7771 379 4291 2474 9144
25 7267 8114 1509 7258 7920 2584 4360 42 2574 7505 9923 7542 1016 6601 4362 7343 7383 2214 2933 2741 2477 2193 7143 8016 9070
25 2693 8570 1861 7910 3269 6703 90 615 2739 9737 8459 4157 1338 5118 9303 3992 2839 7129 6974 2741 2477 9238 819 8016 9070
25 6602 3366 1500 4745 7396 6311 1458 6752 3594 354 6722 8195 1338 5118 9303 3992 2839 7129 6974 2741 2477 3965 819 8016 9070
25 9447 586 2291 7951 9774 4855 1244 4031 8013 7980 1038 6424 2763 1439 1644 9990 6893 5836 3572 3968 8344 3965 819 8016 9070
25 3117 7571 5769 1388 5301 1332 102 4598 5687 1203 4566 7108 3186 6020 4362 7343 7383 2214 2933 2741 2477 3965 819 8016 9070
25 2787 7139 4683 6209 7493 4290 4513 5096 5873 5847 1981 7474 4048 4148 572 5663 5781 4831 9406 2741 2477 3965 4604 8016 9070
25 8908 4180 3332 3866 7350 9130 517 4930 729 8446 2909 3293 7043 1309 1900 6234 6110 3651 1226 3021 6264 379 4291 2474 9144
25 7945 5492 6971 5875 541 1662 4241 253 8901 9296 2072 1732 7599 8836 32 1191 2921 622 4214 376 1262 3965 4604 8016 9070
25 8745 2110 5827 6881 254 7702 3170 1994 5936 5865 320 5277 7554 3029 4763 9657 2120 28 8847 376 1262 3965 8264 8016 9070
25 1591 9350 7349 7675 9968 6599 5398 937 6693 1062 4529 5745 8768 8879 4254 3700 7669 7129 6974 2741 2477 3965 2061 8016 9070
25 9509 4881 1452 9992 6908 3576 4075 8361 707 2135 5995 4140 4637 1309 1900 1191 2921 622 4214 376 1262 3965 2061 8016 9070
25 3704 6656 1711 1544 6697 5076 4642 72 6761 4444 9334 1808 7497 6064 9081 3700 7669 7129 6974 7332 6264 379 4291 2474 9144
25 5739 225 7974 2878 7188 1236 4318 3885 8583 4235 6609 7723 4419 4148 8052 9257 744 8620 7787 5735 8388 3965 2061 8016 9070
25 4730 3806 9722 1070 281 8404 9908 2151 3517 1742 6177 1732 7599 8836 32 1191 2921 622 4214 376 1262 3965 2061 5402 9070
25 7923 8604 2611 8439 126 8695 2175 5723 6443 292 7598 1805 1326 268 5883 9657 2120 28 8847 679 7344 3965 2061 5402 9070
25 1721 8663 575 6682 950 583 9981 3316 4086 6193 6948 6716 1572 8292 487 5049 7535 911 1741 8412 6440 3965 2061 5402 9070
25 2382 6329 3287 7170 382 5618 5565 9936 2843 3400 5935 5307 205 5811 1644 3052 8117 8580 443 8370 7006 897 7975 5402 9070
25 7468 8397 7635 3751 3206 3135 212 9284 4772 3749 45 4482 1572 8292 487 1427 9663 4651 7265 4666 720 2320 454 5402 9070
25 7206 6547 4069 1035 416 5562 3548 3017 7574 7478 6949 7108 3186 6020 4362 7343 7383 2214 2933 376 3315 3965 2061 8078 5733
25 4796 5891 1289 2683 457 9372 4492 4181 7946 561 2987 5928 47 6601 505 7668 7059 6827 6528 2744 5018 6993 7612 8997 6854
25 7227 3767 3889 2969 5556 2710 7657 3014 3353 2765 4142 3333 4048 4148 8052 9257 2027 2794 1226 3021 6264 379 4291 2474 9144
25 4887 7940 3635 6874 6536 5637 6720 8341 8902 6304 8093 5307 205 5811 8087 6970 8117 8580 443 8370 7006 897 7975 2092 2181
25 2591 7376 9702 6208 446 7767 4728 1362 2890 2340 6722 8195 1338 5118 2682 9322 7669 7129 6974 7332 6440 4928 4604 9979 9463
25 2418 3246 9636 9867 4639 5338 8286 2123 7624 3688 904 2793 5121 8879 4254 3700 2649 884 4391 5841 7771 2005 7662 8603 3114
25 8890 6644 9245 6680 2451 8226 4025 4536 7645 8260 9400 5063 7497 6064 9081 2464 5595 5887 7787 1583 3417 6511 8264 3795 2931
25 9459 6910 3111 2173 3681 5474 4846 1944 1303 8982 6 8864 8768 9457 8862 1310 8165 5038 9080 7052 8388 5482 819 54 8418
25 3202 9569 687 1143 3508 601 8028 424 2100 6577 330 6424 6335 7650 8739 4498 2921 622 4214 3960 8979 2035 7143 1424 2860
25 1855 1411 4275 3883 902 1390 9232 6477 4118 9642 2421 4140 7498 7195 5882 9677 8405 9956 4509 8556 3447 9410 8611 9944 4323
25 8563 6793 3179 3540 1983 2254 1198 762 8387 1838 4550 1156 2125 8493 2308 1586 494 3976 1784 7997 4727 3359 5379 3728 3113
25 9504 9392 3685 5168 6085 5320 6333 6197 6278 4177 2086 9656 7053 8679 1691 5049 7535 911 1741 8412 8681 8150 8086 3066 3336
25 6517 6521 2454 1474 6155 5470 8774 5099 6838 7876 1492 3590 1394 4224 32 1191 8977 6466 1015 5833 1997 5503 7576 6961 3312
25 2573 5382 2589 742 2527 1979 7705 9335 9879 3855 7789 974 4559 6108 5220 2309 5210 4000 2112 1954 6759 2797 1535 6467 5283
25 2736 7671 6431 3323 7614 5904 2557 3759 2619 9006 1158 830 9255 3948 16 2357 4812 8812 2722 8964 7798 6553 3775 332 2847
25 9927 5284 1615 9563 7828 8759 3457 6405 5957 2319 9826 374 4419 2122 5358 8433 8046 2953 89 8619 8344 4593 6653 6242 4622
25 2384 6274 5734 3232 6607 3758 4567 9962 4956 6243 4401 3661 5232 7496 5955 427 7781 8538 412 7169 6163 3346 7127 1934 7528
25 8227 1546 8998 9135 9748 4788 6223 5004 9977 877 4871 2048 9058 1255 4336 3992 2839 2641 7185 2233 5136 638 5657 1970 2141
25 5982 3774 5868 7634 8354 1628 6597 1297 2514 2902 3181 7246 1016 6131 114 7282 2120 28 8847 679 7344 9238 409 2605 394
25 6527 1670 9760 7713 4830 5661 8848 3613 9108 7090 914 2353 1144 2247 5279 1354 6531 1932 841 7035 6380 5490 1428 9160 874
25 7948 5858 4175 8828 2684 1933 26 5605 7725 2842 7266 7897 1267 8940 5883 9657 8867 6006 9906 6801 589 1968 1041 9018 9171
25 1817 2480 4953 432 564 3451 6282 907 9533 8640 6017 2694 9700 637 8717 9433 2083 6159 6608 5735 1733 1002 6222 8156 229
25 7716 9609 5851 4128 1206 8721 5690 3166 9227 2467 2327 1432 2481 7957 9718 3675 744 8620 900 7540 3249 9477 1757 9526 6645
25 5480 2166 3504 6972 8335 2537 2498 5194 7016 5819 6738 5433 7102 553 9674 4042 6251 4718 6869 6491 574 604 4597 6472 1117
25 8088 9109 4433 8153 7751 4421 7609 2376 5378 1499 1987 1730 7554 3029 4763 3139 6922 6728 7288 1618 5802 6217 1614 5070 8779
25 9287 1 9092 456 323 3235 5596 3079 3371 8512 4472 6979 9151 1309 1900 9363 2774 7460 5440 3968 722 2180 4837 9048 1448
25 6544 7194 9924 3692 1978 6868 5425 3236 3039 9935 7198 8777 8971 6174 5202 7119 2629 4030 9343 1200 3741 2805 2932 5774 1367
25 5991 7962 7703 3396 2858 2331 7393 7914 259 1759 6948 6716 964 6046 257 1216 5481 5836 7489 8692 1234 9561 8162 7379 5212
25 7110 5475 5693 9356 4174 140 6938 669 8860 3189 4918 3546 80 478 9985 7387 9940 6125 9272 2296 3897 7746 2644 8010 8014
25 8670 6349 3259 3393 6487 7192 1359 8720 4194 260 1859 5114 4431 3900 2946 4502 8943 7932 4316 4723 4418 9181 150 2358 8080
25 1880 4811 7784 7250 3277 2937 1231 2078 1004 9384 513 7392 1704 2246 5452 6954 966 4227 1639 7068 8785 8811 3083 5145 8647
25 2176 984 8481 9827 191 1524 7884 4358 8822 7042 8567 1723 6418 8836 3764 9183 3220 6106 8632 4439 6149 1678 813 5356 8823
25 4027 5384 6616 1536 8220 3852 5816 6540 3973 3640 9931 1240 793 6634 6372 2725 2211 7898 3645 6784 1604 8454 1132 5967 539
25 8967 5653 4366 8566 8552 6674 3046 9458 8754 5729 9083 7328 6117 6813 1221 377 4355 9632 9036 709 6760 9331 7817 9654 4221
25 5071 8345 3334 9072 9534 1640 2129 9668 8419 8426 6808 8299 6550 3624 2553 7694 156 7857 7245 1328 5409 8257 3937 9836 8234
25 9121 9231 2255 894 415 1477 8962 1371 6494 2076 7797 3165 5937 2888 5176 2998 2820 870 1705 6129 2522 6764 1145 2278 3304
25 1135 3848 8561 1190 8095 2300 8384 4570 6417 3284 1842 5784 5703 184 219 133 6014 5380 6070 9864 4665 2698 2087 3509 3733
25 476 5813 7153 2476 3398 6985 6178 3122 5581 4503 346 5035 5824 4724 7627 6112 8356 5616 2971 1810 3682 6080 5407 2582 9575
25 3560 1744 5732 700 1664 2723 2466 2435 4886 2524 1916 1805 1326 268 1706 1071 5534 7004 1083 5491 3409 6578 252 2365 1020
25 3647 8819 2561 5469 8534 5977 8958 7919 1649 7410 1416 4299 4412 8333 8309 6914 4487 4831 9406 2741 2477 9735 6999 2119 5617
25 2581 4476 6516 5347 5764 1466 1280 247 7801 851 3264 9691 5144 4436 9 5663 5781 8527 9277 9375 6872 136 7151 3130 1241
25 7325 5138 6416 4481 3583 6013 4022 8784 8054 3414 2295 2312 8765 1439 968 7304 3985 5231 1911 3042 3717 1581 9883 843 1506
25 203 8394 5021 5861 6019 4283 1026 4988 7234 8164 3485 9507 6937 6357 3466 3837 1382 3227 7991 8597 8497 4778 3000 3567 4058
25 4471 5821 33 9098 1561 9922 9050 4072 616 5675 3209 5339 4623 620 7395 6156 4800 8517 8918 6940 7081 5199 1057 4708 3797
25 7433 2977 1992 2496 9660 4426 4169 3261 1115 3946 8737 9941 811 4080 1629 1976 3118 7005 9732 3477 7146 9411 5641 882 7333
25 6686 8598 548 8278 7956 8562 6518 1908 6389 1321 6464 2033 5496 9123 5464 7722 2337 1003 3247 9009 8424 9182 8767 1061 7653
25 306 2074 7259 4862 8483 2697 1775 7591 7165 8407 9911 2669 559 8972 6258 7888 6145 6182 8141 4527 8744 2402 7293 1993 6657
25 5091 9921 5223 2882 5247 6554 7815 509 369 1513 7132 2260 834 9874 4166 7941 9288 7690 1728 175 6271 761 6968 3263 6225
25 5903 9152 4406 908 698 9593 8340 6099 3863 314 9352 8146 6673 2394 3276 1006 2542 1587 3572 5512 3474 8910 5001 6745 5694
25 6321 5913 726 5830 5820 1700 7420 9117 1830 4827 8757 5051 2880 7861 6113 7361 8209 5042 2750 1042 8511 7144 4232 2792 9733
25 3321 4603 7813 1795 2350 8224 1129 5561 9279 5630 8357 3653 7358 5315 9143 6943 3205 5872 1059 6555 8798 8573 4688 1030 4795
25 2528 6441 524 2989 8329 84 261 6160 9394 8608 4352 2806 9169 9194 8522 5916 1373 595 7871 5449 2509 7970 3175 9466 582
25 2887 9021 1533 6118 8004 3072 8009 3840 5931 86 704 1732 3056 7121 2017 5254 7100 4350 1043 9096 5856 5022 1194 3090 8430
25 8306 1186 6669 9549 7249 2849 2203 4991 3015 7175 801 1674 1383 2478 4269 428 7775 470 2054 1187 1426 2662 5462 7901 2156
25 1000 9471 1024 6706 5126 6794 4369 4889 4126 9756 5296 4385 4223 5691 1149 2311 1181 959 584 6659 6522 519 7088 7116 2321
25 2660 305 7918 2752 8307 2871 2675 611 9049 9488 3695 8233 9174 1570 8338 9990 6893 4349 7821 6708 7750 4130 3580 3310 3074
25 2053 301 2760 696 1869 6561 537 5576 1556 9737 8459 4157 6025 5443 697 6234 6110 3651 4907 7782 2652 2501 2460 5265 8776
25 7581 9798 2663 2826 7677 5536 8504 2004 9438 3769 9871 5692 348 1605 6906 1315 9800 9847 7020 4554 2803 4892 4189 5101 1715
25 1339 8319 6594 9929 8996 4532 2227 3352 2665 6805 5737 1867 3820 3532 6865 1595 6809 1345 755 3945 9103 7290 7479 4274 7240
25 5226 932 4675 5772 2124 4191 9865 9429 5973 6499 5159 5846 2811 3944 4973 3292 2121 7868 9667 8789 8428 1370 2886 661 34
25 6190 2049 5158 4455 450 6331 4061 5834 652 3172 2347 7720 7366 554 1693 949 1410 6105 1491 5388 6564 1836 8616 7340 3011
25 7632 1879 5925 7530 8994 2918 1756 2003 5563 3533 7829 6625 7599 2237 3280 6611 2217 5389 6711 1710 6742 5329 5050 5142 5976
25 4941 788 1689 9500 3001 1746 4899 8265 8817 8541 8170 9173 7382 1405 659 77 5108 7564 2730 2616 6207 4361 1486 4916 1001
25 3654 5782 1590 6474 3502 7661 5738 4145 8854 2077 5554 5181 2763 565 5240 2261 2268 118 7529 1637 5068 3339 9378 7065 3746
25 5983 2548 1538 9147 3942 6822 9623 3456 9518 361 3131 8368 9728 7424 3031 5610 9323 2073 6265 676 5466 2299 8726 1341 7365
25 978 6154 3492 8065 2405 127 6788 8349 9481 1261 9680 8352 1063 2566 9385 9939 9490 4847 2768 7737 7324 5505 5147 5353 7163
25 6753 3911 2025 2326 4877 4571 8756 2287 3267 8782 9339 495 6181 1724 7770 2667 7413 2186 1152 4307 7866 3698 7536 5116 3903
25 7013 9997 6324 9386 4989 1014 5960 1553 113 1893 8914 3156 7225 4443 4219 3481 7646 2569 4905 4997 4115 9134 4284 9692 4510
25 492 5334 6152 8825 2599 8108 8945 6744 8843 7400 237 7756 1456 9562 3932 3044 6138 796 1853 6820 1459 6894 5837 9285 3782
25 2718 6378 4208 5173 8339 8271 7190 1871 6432 3351 9000 93 2142 1176 7793 6092 2079 1811 9514 9206 8911 9613 6639 8689 1141
25 1399 7854 4475 2819 5749 8769 6257 4228 7416 8270 1287 7959 4121 8254 1256 4895 2257 6871 6571 3475 4835 8145 78 2447 9989
25 8824 6953 4734 3441 9801 3327 9516 2060 3038 215 8051 5117 4637 1798 506 2506 5130 2927 5289 63 1052 8623 8951 5635 1368
25 820 25 3389 5639 850 4629 4112 5465 4024 1407 1248 9789 3856 2914 7837 8149 7425 9202 749 5291 9148 779 8499 65 7595
25 8071 8231 6287 2118 3919 6767 149 4777 7371 5778 503 1265 673 2685 3636 989 2243 4133 527 8515 4311 7593 9097 3978 9682
25 3539 3503 5052 3901 5770 8662 8659 6077 3329 7794 4053 5645 4164 5376 9780 3593 2304 3337 8450 2586 4742 3934 8849 8438 493
25 3358 2749 8978 6543 375 8246 8906 3048 4891 7673 1503 2219 5023 7935 5107 4501 3375 1638 8529 1589 4167 4105 9952 6395 743
25 8596 9082 71 1512 1793 3563 8053 8198 1749 7911 5426 7769 3655 3183 59 7440 1921 3009 4692 9304 8147 6036 279 1259 4188
25 2939 9848 6725 4150 8302 302 8705 4267 1843 444 6915 3160 5792 6402 104 3052 3251 6354 9782 9095 9889 754 3605 6089 4614
25 5441 6541 6173 7912 451 9999 881 3943 8505 732 395 8626 7721 2991 963 8988 4694 4551 6486 4749 1772 3527 5857 983 6694
25 3760 4773 2182 5747 1806 9659 919 992 7114 4621 5560 4288 4096 1437 1677 8488 2459 2848 3732 7070 1262 8272 1313 8138 7501
25 2758 1722 9895 5914 9100 6032 4268 8359 6688 5012 76 6585 5030 628 8723 5165 6167 9008 9778 4920 1873 4396 2512 4766 5405
25 7804 5889 40 6147 31 2440 4060 5817 4512 7260 887 4975 3850 702 6976 1274 9362 7269 6195 6088 322 1209 3954 8676 5303
25 4011 2896 3810 8431 317 8123 542 1423 5448 2715 3059 3921 5106 3167 1644 4630 7735 3670 7637 7738 2707 4669 1169 4791 9146
25 1192 4205 7924 4448 9464 9145 2104 6314 8743 9468 6383 1920 3537 147 6942 6848 4658 9703 9330 9724 3164 7217 8985 1753 5343
25 7347 7732 1794 6849 9505 8158 4036 6244 4372 4507 2184 3983 6260 7367 3791 3476 2928 2486 3163 3177 7278 4322 4707 3418 9220
25 2866 693 6687 8747 3 9891 6356 4314 6765 7336 9064 4007 365 2636 4334 9564 2221 6185 4084 2272 4799 8326 9775 5058 4010
25 1319 362 3008 5793 2835 1526 674 8445 1081 2645 2248 9480 4082 4460 7516 5584 5727 5333 1179 4076 9275 7620 2999 9408 778
25 7684 3752 3906 2695 3084 5787 8495 2962 2761 2689 6455 9184 602 7605 7130 711 2115 3103 9115 7567 1560 3962 4387 893 7157
25 3827 1763 3430 3553 9529 3558 7971 1125 8594 951 2452 6796 7603 5718 2571 6436 1166 2594 9517 5866 3641 8707 7080 946 4758
25 3614 5531 8500 5941 5241 2940 24 2686 5084 5799 3397 6663 7415 6963 7232 682 9347 8489 865 271 1941 7623 3328 3034 979
25 6912 1320 9461 5234 6646 8337 7239 3515 5954 535 3354 2947 8358 1735 3879 2688 3085 3497 3621 2526 2039 9177 52 3265 8680
25 1246 5621 1422 8204 1668 8501 1400 991 5634 2585 5015 7085 270 5422 8758 289 5674 821 7499 9320 105 3027 345 7012 9581
25 1146 6016 1021 173 1824 7446 6569 1518 4043 4215 2778 36 4533 573 2559 1607 2490 7585 2132 9166 8369 8559 8986 9565 8124
25 8553 137 7125 5255 7403 5532 4479 3612 3255 7869 4457 6824 9172 1676 8072 4356 4906 7105 538 9933 4633 1931 1009 2204 1185
25 4317 3559 9601 8024 5120 9395 569 2220 812 4981 258 151 1171 1928 9855 4028 6844 9190 3344 7565 8502 2732 2169 44 8396
25 6591 799 7189 6248 1229 4649 112 947 5124 4762 2380 1264 418 1609 1493 6502 3459 2256 8268 3244 6923 1142 9247 3825 8061
25 8773 8950 7113 5479 7275 5537 2948 2997 2422 3727 9646 8060 3632 1372 4784 7211 3370 9016 1694 9917 4544 5966 3851 2963 8813
25 1159 3833 8077 153 2034 5615 5322 2859 2404 1504 1945 5997 8218 9158 3412 9568 1017 2489 5453 4610 3658 9409 7213 804 9965
25 5067 2759 7436 9617 8633 1102 8953 9345 2146 7695 7039 9850 8826 7636 1134 9634 9635 8835 4735 7893 6337 9301 1952 7546 1975
25 7346 8595 6679 5640 5161 5551 8237 1781 6415 358 5823 7579 8129 2253 2271 9427 9168 6815 671 7617 7159 6326 9975 5751 592
25 5553 3776 6795 4152 8230 5436 5088 1397 839 9707 4841 2456 3997 4946 7807 1443 5525 2069 6074 4776 8461 3878 8200 9462 1575
25 9418 4494 5094 5623 3949 392 3342 7934 1343 4313 8269 5731 8186 3319 7008 3434 8248 7166 9905 6010 5498 6288 1415 9717 8874
25 9251 568 4335 7082 3307 6798 1335 6717 9662 7229 6061 8401 3628 6642 9303 5372 858 6931 5495 8027 5323 7774 1776 6003 4657
25 6960 9189 3159 8618 477 3301 4842 803 7150 7233 4960 6201 5419 4344 5079 4057 5597 8068 4943 3989 3482 6664 9689 3646 8327
25 4417 9366 7037 3248 2834 4493 9736 8660 879 297 2606 2568 3112 6428 4927 8003 2720 746 9113 4801 9786 9213 8894 8366 3091
25 9693 2913 768 7253 224 1606 1089 5135 1138 9541 209 3013 185 8650 4485 4729 9315 4647 3275 8631 7638 4613 4470 9873 8503
25 1376 8954 2926 8755 7878 1307 5036 7842 1050 8742 2664 123 7179 910 3597 1680 3592 4579 7851 1389 9957 4779 9276 2022 2495
25 2265 2133 9042 7556 999 8477 9163 1852 353 6832 9727 5006 3991 8207 995 1608 5586 2419 9126 5276 8649 3586 888 5163 8283
25 7284 6668 5959 9585 3679 8291 1585 9236 1877 4425 9946 8518 6885 1702 3796 2770 9085 2483 210 4422 1633 5072 1846 2442 7664
25 1778 4586 1652 7954 6037 7606 453 4851 1272 46 896 4912 7475 2230 1951 5989 7083 8310 9625 2264 463 1364 8015 9557 6907
25 5649 7719 2009 351 9548 9761 9211 6841 7191 6254 4302 1991 7902 8795 4514 8468 3642 6116 5544 9572 1419 8922 7241 2091 2037
25 9249 2461 1218 784 9820 3365 922 7958 8508 9749 609 1308 1565 8244 1731 8761 5408 8385 169 1029 7423 2670 7916 5014 1286
25 8605 5098 1914 6059 8764 3237 1346 8002 645 4876 2706 3010 9383 231 8101 4563 5795 7022 7363 2021 763 5274 6811 1766 2096
25 2951 2502 4373 6984 4351 7524 532 2325 9388 1189 2638 8091 3413 4442 9776 6216 4250 5097 9017 1207 3574 7138 4099 9508 2355
25 3207 3516 1940 3970 3595 8229 680 4231 2102 3808 866 5962 3288 4673 9155 1548 4809 5901 4 1841 5818 9815 4199 7208 8189
25 4736 852 199 7341 7504 3395 3874 8374 9866 182 1223 5386 5129 5150 8555 6780 1044 3026 8827 8885 8921 2313 4220 8245 634
25 4329 4390 9986 8557 3143 4001 5602 4790 5906 8983 1082 335 534 2945 9351 5996 2286 2691 829 7749 2956 9396 3055 1955 3222
25 6834 712 6736 5432 5218 8673 6140 3547 8542 5688 3818 4451 387 9129 3303 5577 8050 6533 3814 1170 1963 3923 927 8317 168
25 6143 425 3453 6506 1913 8963 783 2922 7858 4304 1796 4535 4519 8008 7830 8421 5249 6909 917 4531 1514 2833 5986 6552 4662
25 9550 6306 2258 1949 7663 9267 9832 9111 7 1090 6148 8020 7167 7286 5929 2417 7927 188 9658 4184 30 8167 3401 1351 266
25 7355 4615 3615 1519 277 484 9454 6295 844 4491 7790 2191 8749 7526 3916 8355 8869 9170 4761 7248 6471 4807 1860 8664 8125
25 4717 1113 6983 7268 2019 6075 7291 5192 9317 2964 3697 4055 7785 5542 6768 7161 8266 818 5849 5926 5855 9797 4399 8543 5217
25 9044 4147 8716 4915 1393 9892 8018 7987 629 9853 6343 945 3858 5609 981 9705 7672 6729 626 4092 5467 8917 408 3030 6093
25 7075 1431 1780 2668 2143 8105 4714 1620 9473 1037 8696 5092 1666 7428 3464 1348 1124 4413 4473 6734 2010 3378 5744 1318 9809
25 1545 5062 7490 9487 4747 241 5185 655 498 594 2654 7128 6714 6627 1472 5243 8429 9026 4353 3525 6856 6144 4814 9536 2457
25 1022 6684 7651 6414 9991 1815 7895 6595 8360 5719 5585 9342 6449 49 3098 4699 6496 4780 5600 892 9087 8258 4611 880 5628
25 2709 5174 579 5654 8059 4384 3268 7730 5574 8214 2973 6267 7236 8766 6899 250 2111 973 8395 2861 9090 389 6977 3036 6133
25 4868 7659 6101 5844 5383 1720 2617 7369 3577 815 6873 7201 8161 1460 2099 2648 9425 6437 2554 4556 4599 1599 3666 6212 5048
25 4420 1551 6409 7247 4974 6253 703 4190 9369 4453 285 3125 7162 9243 3383 7281 9653 4741 7048 6009 6397 4822 1101 6958 3063
25 7913 5572 6755 2116 4859 5427 2628 9841 1643 735 9829 7207 5685 9792 8408 546 3871 3373 5335 8308 5932 7364 7921 6293 9439
25 7990 7561 4952 7687 5263 6510 4721 4310 6342 8574 588 1249 5527 2030 9932 8174 2711 7354 2024 5143 1665 4192 486 4278 2766
25 9346 350 4154 8172 8482 7434 4116 5499 2899 433 1447 414 6866 3305 9254 9065 8375 8467 1076 256 2789 903 4821 1148 6650
25 5578 5518 8035 6662 9804 915 2762 334 9537 9790 593 9976 8592 6435 1962 9399 9268 7134 303 8225 9474 7149 6633 6121 4134
25 240 8704 5638 3788 9744 1263 2733 4108 2413 5944 7532 4748 7441 975 3974 3888 3032 608 3966 8712 2126 2941 9078 79 3223
25 2412 5000 2128 9652 2901 7905 6733 6840 1837 196 5387 4957 5016 4388 8638 5945 5183 1375 331 6860 5773 6582 8551 5054 9539
25 8730 8722 8891 8830 2583 7106 4716 4202 9071 644 6198 3182 1121 452 572 3133 8296 9341 6810 6255 3716 9849 5543 3489 6802
25 4949 6348 7174 8790 9858 4272 3452 6339 189 8622 1751 3215 7409 8293 7551 8805 5311 4706 5456 660 2920 6361 4374 2152 1476
25 3147 7337 1726 2492 9885 4798 1863 7023 7739 4229 3865 9690 2884 276 2150 2783 6122 8926 1547 5328 5324 3357 9837 7810 9633
25 6039 6830 9686 9708 4499 3819 6035 8294 2059 1366 7724 3601 5878 3860 953 1738 7917 2602 7818 8462 2615 9028 9583 7833 8316
25 1529 5530 4204 8342 5934 3075 4137 6301 2952 4490 4967 2613 9698 9420 941 3589 20 7055 7459 5908 7321 273 222 5888 7451
25 1563 3536 1333 6385 2854 1204 6959 5349 5278 5193 6056 7243 3180 9810 6055 3374 6250 8213 6229 7899 6220 8674 7300 7487 6892
25 7760 2954 7630 1153 5198 3100 3387 1093 8796 4526 4342 4752 1707 8778 7327 5535 2392 9414 4605 9783 142 7488 6613 2082 1457
25 6583 4089 8948 4131 7758 5655 1857 543 8856 9450 2045 7880 2851 6371 9128 2966 2026 1708 9739 4771 5748 489 4681 4014 9603
25 3729 6285 9140 3428 6137 6604 8298 1421 6513 4392 8549 8646 3813 3550 1425 4517 6648 5267 1079 751 3415 8163 9795 3394 99
25 1140 9843 1835 7212 8476 7087 4117 3914 7838 3495 846 9179 8833 8241 5112 1073 2149 8783 2285 1884 5783 1760 6932 288 5890
25 1555 2298 2546 6596 1703 8373 7079 2139 4370 4923 9013 4394 3891 9370 9075 5362 4203 6852 4289 8863 9469 9547 9328 1065 9675
25 7453 1999 776 6886 6846 4183 2771 4015 2756 6224 5367 8427 4040 2822 724 7745 4008 7254 591 789 6480 8975 7345 6523 7968
25 1381 183 8104 4844 4760 828 8629 4591 7331 340 2322 2967 4248 9422 9926 9918 3842 9522 3570 2576 9365 3461 2171 6353 6476
25 641 6399 4704 9896 6766 4640 1619 9270 6557 61 8528 4179 3714 1066 639 9808 3203 4243 1685 2275 5055 5905 423 6211 8282
25 1114 7391 1942 8290 6012 6782 1690 9062 6779 5701 5074 7803 1479 3872 4904 4159 3467 5863 523 4066 2178 3544 155 2385 7665
25 4793 7329 9124 1408 4697 2555 1661 2362 9047 3311 3766 4265 429 4429 5601 421 9262 9441 2438 504 6132 4664 2429 4689 2292
25 835 7000 3957 7417 994 3884 8609 8456 5300 3839 3684 1449 5454 7183 5314 9319 507 9746 8236 5351 274 6439 8377 6126 6897
25 666 2368 5912 3676 7846 3542 5390 6991 5417 6598 4538 7834 9442 1856 5611 9209 3793 6266 5722 683 792 9027 3841 9890 1040
25 3870 3185 1642 8019 3109 8520 5184 2632 8210 3706 6123 5381 5552 4063 1201 8325 3599 7549 8190 5446 2657 3609 739 9031 8995
25 7362 5239 8240 2284 1755 3283 6807 6358 5484 4636 7741 275 4849 6981 3020 502 5519 3918 3196 1429 2600 9139 4890 9901 7461
25 943 7310 4774 1814 7559 7145 4178 7272 1112 3290 166 7840 6317 807 4163 5923 5591 7184 965 9371 6128 8089 4107 448 8455
25 4467 2836 9833 1787 5583 5582 8498 6617 9584 3102 9730 5304 1574 4103 6990 7026 1669 1069 3710 2679 775 5808 2690 4450 9840
25 7458 8895 1111 8612 8242 9499 5043 6168 3306 5993 2294 909 8507 6272 7511 6196 1617 1220 8034 1045 3128 4587 296 5222 3566
25 8788 576 7368 7860 4808 8492 130 41 987 780 681 9771 3057 3785 4832 7455 8372 4705 5065 8159 9024 5214 9973 8275 3802
25 1208 4449 7762 1885 2869 8876 886 3702 4944 6649 4132 3324 9153 8801 4929 3420 8725 6757 9039 4792 5588 4515 4902 7095 891
25 6090 867 2556 5508 1882 1540 8090 8021 906 2661 7060 7596 3433 1380 407 9381 5127 5345 2505 294 9919 8193 6924 9697 8222
25 499 9230 5272 2875 1461 9324 235 6430 8992 3242 3596 7034 3500 6280 725 1927 2958 9208 6102 8710 4696 2081 2065 7601 5978
25 7015 3155 1074 1300 9899 3377 4333 132 6007 3144 7215 2601 9570 9729 1672 4338 3730 5876 6534 1946 1671 2904 913 8206 5203
25 3824 3224 3300 2051 656 8040 9325 2427 7107 5445 770 7952 207 7509 3445 6952 8641 5308 8899 4947 2930 5488 6519 2393 8197
25 7147 4405 7706 3176 8151 110 8067 4547 3953 5683 5848 3569 8085 8311 5822 8993 6203 6710 9412 8905 9967 2426 413 1673 242
25 8000 2844 9750 2965 4655 786 2745 7697 790 1404 2062 2990 3218 9102 1406 7292 3053 6804 4393 4719 1336 986 9321 9219 6094
25 3491 6362 9647 8510 1786 7727 2672 9443 6302 69 3514 3361 1848 2282 9610 4348 8904 3471 3994 13 8083 8537 9482 6386 5109
25 9349 8235 1473 6269 3403 8889 9684 4102 7124 920 2232 9768 5956 5771 5209 9669 5706 6367 2187 1395 479 3627 2455 6641 9994
25 5969 7778 400 8187 847 7372 1571 111 810 3151 1807 7979 4641 3904 501 7698 4327 2676 5477 5211 8414 2830 2352 2262 8487
25 9449 7399 4403 9770 1085 3662 6867 3442 7626 2168 9297 4359 4435 614 9996 4041 239 4750 4961 2093 2225 5252 7792 8140 7520
25 4520 7691 6291 6845 6192 5514 1199 511 2862 2935 4896 3067 4972 2088 9061 187 3963 9051 6758 6667 5910 1542 8479 6024 8099
25 6031 3022 2192 8056 2757 2986 6008 2734 9870 6347 2052 6423 5227 6151 9224 4740 6888 1254 3894 2603 2114 4197 4186 4398 9573
25 1284 3959 6460 8393 6232 8285 1812 4079 4549 9059 2293 4897 5869 1576 8781 6640 5972 8524 7984 9631 1641 7214 7865 9004 1271
25 2015 5140 8803 4911 7586 4712 6384 7642 1412 8178 9430 3882 6048 8593 791 4143 6916 7078 8678 4574 2032 8545 6660 5375 3313
25 4588 3438 8701 9162 5457 7759 625 9305 8861 3006 6366 5397 2575 5740 9212 9218 2520 5472 3068 107 8440 5970 7619 4330 4032
25 218 6850 1174 4068 8490 9934 814 9777 6883 1094 4794 8182 5483 5306 5965 4693 7507 6632 7977 7826 3686 397 643 2018 200
25 5780 8413 9197 9743 5024 7283 3448 4885 4951 6721 4738 4094 1502 7024 1865 9326 6748 4578 4464 5167 3555 3145 864 8888 9333
25 873 5550 7261 6320 9273 6351 598 6713 1656 3800 5766 8929 4942 2446 9226 8775 8137 5216 6962 9851 6290 990 4632 2470 8058
25 8303 8038 3060 1033 6213 7054 5656 875 8642 293 1813 5745 5131 1250 4806 3607 6215 934 4423 9796 5500 458 5153 869 9403
25 1785 6109 3221 8323 2547 9253 5971 6783 9983 8947 8653 4187 9091 7805 4883 19 5221 6081 7589 3069 7375 2406 5034 1645 2748
25 5444 7031 8110 4258 7942 1897 7928 7640 5458 3961 2521 9022 5415 3498 3110 2570 7450 5603 9242 1051 2714 2443 6951 7257 8672
25 6238 2796 6615 6647 3829 8463 1086 8494 547 9738 6771 9710 1743 8691 7925 4970 1301 163 8702 8367 5037 9187 6398 8449 1789
25 766 8959 6622 179 5293 9772 4110 2329 5668 6803 6221 1475 9511 9802 5309 931 1988 993 6928 5164 6158 8683 9265 2316 8188
25 3291 4691 438 7552 6545 3285 7084 8037 5053 7202 2801 9200 6071 5974 3092 8094 5428 3617 1840 767 3213 420 8919 3713 7825
25 4838 5953 1657 9250 8590 267 838 5963 4993 1306 8351 471 3262 6689 2080 2199 5504 8648 7877 4925 6276 7764 1302 2216 7867
25 9914 3534 5295 4427 1829 8731 3035 1849 5373 1600 1890 6316 6364 2975 2228 1470 9234 7680 5093 7339 7513 2656 8806 6724 1501
25 9359 4984 2677 4395 66 4100 9648 9367 8142 8386 2518 8304 6469 4530 3028 9240 1243 1624 5360 7019 6978 3902 7086 4966 3619
25 310 8026 2551 9714 1543 8148 9781 9165 7729 6095 4376 9493 8941 4039 510 7197 6691 1304 8808 2301 4170 2381 3200 8760 7401
25 3088 6058 8469 5509 1845 4826 688 8946 1924 1130 7602 3295 823 6898 6508 1098 4200 8171 2659 6369 5622 4884 2579 1290 8634
25 6463 4379 9970 3043 7230 6023 8096 578 8607 2565 6726 5702 6676 4052 4196 97 8868 6504 6695 1818 17 4364 2795 7850 658
25 2448 2469 6631 590 2372 5871 5759 6919 1745 2784 2323 1222 68 9138 8066 4404 8202 1270 4802 4577 4277 4445 2726 2983 8809
25 23 1325 1496 3762 3204 9486 2717 5658 6305 1276 4456 4710 5363 2993 3964 6542 3896 2626 6426 5790 2699 8974 6589 1887 4978
25 8402 8913 9397 6139 4764 3148 1165 1340 536 8615 8453 3169 5190 8131 7002 857 7131 2002 9834 6973 1686 1736 1961 4292 533
25 8719 6161 7816 2071 9298 5516 6580 7875 5007 3089 4328 8216 5676 3565 2807 2137 2560 88 1972 3701 1161 930 5682 690 167
25 7779 2516 2970 9614 7518 6875 4357 4933 472 9577 2753 7480 9670 3575 8043 3436 5205 3217 6136 9332 2950 1966 7577 8199 4582
25 7522 6947 8451 2324 8668 5524 8547 2630 3644 5299 9112 1467 3886 7562 3867 8857 2334 514 9003 4583 3724 3299 5540 6227 4753
25 5513 9501 528 7226 777 2383 1926 9555 5237 7500 8036 5312 6011 3483 7360 2874 2154 4969 1886 8852 355 5047 6346 1379 3168
25 1803 1444 9943 7560 1977 4914 6864 226 6786 2850 7389 1095 4866 4171 195 5592 8531 159 5697 3107 3822 9757 447 5269 5416
25 8878 8485 1464 4733 8122 4962 5115 2587 2423 6929 5515 383 263 6127 2463 5460 7827 3228 5652 2802 360 6184 1215 6643 3439
25 4006 9754 4678 9376 9127 2420 1010 6433 6344 1562 1847 176 2432 4754 4860 3602 9066 3455 1392 5487 9157 3437 3712 9720 7457
25 1018 2767 2290 7296 9830 4756 5915 9185 3340 5589 4019 8772 1612 3326 1212 3780 8897 2196 4029 8690 7353 2332 2349 321 5758
25 9019 7193 9495 3809 4123 8383 2976 2773 178 3781 7294 4607 1578 1688 2891 1984 5497 9423 5228 5777 5215 876 2488 1233 9532
25 8727 5230 1833 6062 7456 837 6483 5406 1696 386 4321 4625 60 8321 2743 8232 4627 667 1096 204 8301 8336 9057 6406 8586
25 9740 2209 5724 5461 5313 9119 6917 5141 192 1577 152 6450 3286 2031 8305 8684 7390 4026 1982 5200 2712 7839 7939 2183 6525
25 3086 3023 5828 8448 6503 5924 3226 2153 9038 5404 4380 635 7755 8639 7845 8217 3557 5355 4440 6587 2200 3252 2782 8006 3803
25 4557 6520 4012 668 3360 7096 6484 8753 2982 3317 2222 8635 9627 6307 6987 7477 2400 8733 9818 3231 7041 522 4273 1936 1625
25 8571 4004 3229 9828 1100 6638 9993 557 4505 2127 1552 8320 6030 3854 4331 2980 6457 890 7222 2403 8324 9196 1596 1282 5533
25 6610 1007 8191 2244 5575 1193 467 3880 7908 1876 7036 6799 4085 1995 9951 6652 2210 2508 3673 6670 1237 3201 459 2234 1092
25 3362 636 4934 9706 6986 9393 571 1008 70 6727 2681 8896 6493 2333 5086 3037 8990 8132 8470 3987 4378 4852 2816 1939 6388
25 7936 3468 1919 1765 5756 2016 7437 8844 4264 5670 7338 3197 8128 2821 5374 8331 600 9440 6111 9938 246 9467 6699 7374 2747
25 7655 5350 5103 7831 190 4165 6901 657 3470 6637 7313 9592 861 5558 6950 1888 7525 3801 5424 7983 1613 3975 2437 2863 2011
25 5985 8792 1225 6698 7894 122 327 7999 8519 7155 5337 7111 7449 6939 232 5633 9313 2898 5939 7074 7965 3493 3925 8934 9713
25 5573 7930 4230 7154 7466 6835 7811 4244 9701 774 4994 2273 2090 4804 9014 8560 9553 5250 8832 2729 825 8763 3384 4932 1831
25 2541 933 5852 4539 7800 525 4661 3726 1782 5940 9327 5413 4326 2853 4757 4225 4242 8970 8166 8866 1385 5039 4454 139 685
25 7122 8976 6231 3794 1718 7643 5085 8259 5627 2028 4680 6419 4856 4238 6896 6658 4109 617 7101 4511 1520 7889 2780 5139 5877
25 5478 7933 9527 8115 2828 2283 8273 3603 952 708 7600 1374 6992 1253 2728 4964 8907 4078 962 6964 8644 9752 5011 8645 3454
25 1956 7483 5486 3591 826 6719 7607 3392 4663 7683 7452 2482 8092 7986 8472 7359 4940 1675 2870 9928 8435 1839 9068 2341 4561
25 8965 581 3790 1047 2507 4237 8379 6114 9535 5909 5664 1925 4281 555 2085 642 9106 4266 1549 1468 2906 6096 577 2103 3095
25 4644 2306 6891 1769 5361 4495 5392 4775 9510 898 6043 4805 7462 2449 1292 9233 9745 552 4185 6997 125 2338 1227 515 6226
25 9913 7152 6762 9644 3431 9502 8771 4125 4590 7237 7938 5789 116 5368 6452 7608 5979 9950 4939 8031 5044 7064 2170 1465 3742
25 1998 2642 9755 5282 5020 9578 8838 4279 2484 8915 7435 3405 223 7126 1630 2163 7701 5620 8729 6355 5829 8267 1478 4049 9817
25 2751 8139 9398 4568 6590 1361 5700 9683 8152 1740 5451 6052 1719 1242 4631 7654 2799 3899 714 939 3568 8277 8 6042 8734
25 1027 7568 4239 1462 3219 8457 50 1770 1357 3821 2598 9766 6889 9661 8100 863 1363 1173 2433 4045 7077 6678 5647 9559 8886
25 1874 816 7610 3012 7251 4368 765 2985 92 8130 5761 7848 6076 2517 2622 7982 7099 449 8818 4677 3689 3487 3639 3427 2344
25 9824 6548 9295 8289 860 3529 6456 4056 8916 7862 5394 482 1434 4212 8791 2378 2841 8584 1197 4486 7649 7298 7120 4035 3668
25 872 1356 8752 2475 9608 7378 7963 9460 3993 38 5698 5327 648 8474 7823 4785 5119 8447 7046 5057 7137 9620 1433 2857 6863
25 9803 5867 8121 2972 269 6098 7315 131 328 5521 9283 6079 6180 2318 419 8628 3040 5154 9063 9290 7289 9606 9540 5807 6124
25 7109 3972 3611 3282 6957 8044 9629 3234 3343 5009 6375 4402 5938 5713 5859 4050 8932 3690 8770 3541 5801 5636 531 9314 6524
25 3367 2911 5648 7010 5152 6628 401 2013 2113 9114 551 3254 2040 9161 7806 480 5110 3386 5715 6654 5292 5123 1032 2995 5225
25 311 8845 3637 6104 4945 2006 3158 7148 5930 9188 3799 4861 5028 2731 3105 2190 2671 6718 2992 2399 1517 5760 3935 3988 8699
25 3193 8853 488 1866 3126 8938 4415 4312 8735 651 2485 1196 3239 1646 6286 6027 6026 8923 4253 5721 3080 4051 8432 2094 6826
25 9763 4548 7742 3649 9387 4034 7543 6612 9988 5803 4296 8314 7583 4931 6411 9302 7140 9995 1337 4612 7783 663 7056 4432 1525
25 7575 8389 6141 7931 878 8154 1892 6083 2687 8475 610 7714 9203 1682 6692 1463 5918 545 7521 9969 213 5555 7427 868 5776
25 9910 5294 6408 4438 7747 8127 2808 8398 9300 8228 9401 769 2845 1087 6328 7566 4553 5507 9093 6237 7557 9860 4124 8718 1883
25 6018 9286 9191 2494 6327 2790 5346 3406 4383 6176 304 3947 8287 4521 4216 8261 2924 4176 1754 1440 8391 7625 5002 2335 7872
25 9723 6382 7686 9838 3665 9141 2479 1996 9110 1147 1868 8698 5814 6592 1455 1013 970 5569 757 955 6661 398 686 1762 7788
25 364 262 8682 1277 265 7588 7277 233 3705 8736 1980 2823 7856 7302 6341 5899 1791 9358 326 731 8816 6735 4046 6635 9431
25 3341 4144 7754 4857 1986 4650 74 4295 9558 2441 6778 5806 3425 3484 9825 9020 924 8363 9056 1634 7874 4843 3664 9216 7523
25 6377 8687 6188 7303 4656 1211 7297 2916 6000 6567 3469 5489 695 6478 6749 1232 3356 9699 4690 5077 5285 5843 2066 1777 1797
25 7506 2144 1283 5178 3018 6473 8873 718 3480 9998 7590 3443 1012 5529 5999 3518 6833 4280 6066 9588 1904 8935 3379 1484 4287
25 8711 5463 9582 9839 969 936 4908 948 8576 3551 3524 7647 5757 7622 475 1821 380 3739 5604 8797 8185 9012 5632 4496 5580
25 174 6015 1331 3778 9312 6665 2056 4257 9282 7465 8877 9010 145 4261 6831 9259 5951 431 7887 9758 7220 3281 8686 1127 347
25 4469 9489 9084 1959 1430 129 6134 6086 8295 422 8484 121 8887 9452 3355 9861 8530 7469 6933 4038 8544 9498 5476 8410 3289
25 9954 7791 8201 5559 6057 8422 4810 3805 5894 6707 8169 692 8041 550 9193 7740 6451 3748 5750 2614 985 7892 5612 6284 2279
25 9377 5669 2145 9915 8837 7587 8546 605 9497 8180 6882 8183 6400 8473 4759 1714 6560 6967 8211 3104 4247 7943 8005 1918 7405
25 7678 5157 230 7319 5264 8460 3064 2307 5242 5180 3116 7534 1636 248 2934 9598 2746 1219 8799 2415 4824 2703 9543 1151 9615
25 4325 1779 3722 3699 2631 3725 2373 7757 390 1099 7881 4968 8400 3912 1864 5354 7537 4213 7752 7180 5587 1889 1398 8073 9424
25 1844 7280 4746 35 2070 8343 4616 9560 5651 385 4005 9880 8925 7883 1025 4789 3411 691 3273 1823 4497 2310 4921 9258 670
25 5968 5679 7692 287 9948 6412 8262 3556 1167 982 7307 9198 6927 5235 5826 1353 4081 1653 6153 5994 7907 4781 4739 5961 1905
25 773 1947 4245 2592 7330 6120 290 3831 236 6404 1118 2646 7502 7582 6425 2089 4585 958 8961 1139 8944 4620 5874 9611 6289
25 4646 165 5644 5083 7472 2148 1450 4446 1028 2014 5667 2988 4346 2824 1403 7761 2563 8617 1314 3106 7644 7786 3531 1330 3388
25 7773 5593 6740 3737 9379 3243 2536 2359 2289 4703 4770 8444 160 4894 357 5468 6763 4206 1631 9382 5619 1342 9289 5949 4839
25 2288 6855 9214 2868 8042 4523 854 8931 6566 2342 5236 8284 2719 3002 9816 6448 4700 8937 4864 4959 5251 6241 6549 4414 6172
25 7061 1480 6895 8840 2979 7544 9649 8263 9079 8076 3272 8625 6021 2064 7822 4595 1442 650 404 5418 4294 2936 7859 8509 1802
25 7909 7373 1228 9465 5287 4017 6836 4917 632 6926 2713 6379 6205 5208 530 4095 8208 785 3581 4381 103 8029 6904 4127 2351
25 4411 9055 2007 1075 736 7491 1137 4954 1801 3756 1580 9506 2775 5631 2159 7411 3458 8665 62 938 3977 8437 6946 8516 5892
25 1922 4516 9180 7252 1239 1352 518 57 43 3003 3318 4409 6262 9821 7047 4619 5026 2348 228 4737 4817 8417 6859 1155 9037
25 7270 8048 6988 8023 3322 3845 9040 2439 5133 5743 4286 2179 5726 9205 9681 4518 2339 7136 4320 2370 6814 6837 6199 1957 9814
25 8253 9451 3507 1660 587 1792 6065 108 3757 4950 5485 1709 1725 6390 6746 3260 5594 5391 3513 5166 3465 3982 798 7262 2831
25 9483 5471 7736 4963 942 4702 649 2202 1349 4913 2597 9835 4047 8579 8694 8912 315 9672 4893 7547 5275 1049 0 1131 9963
25 8192 7844 2612 3007 8851 6785 6233 4119 1377 9025 6001 1822 1453 7356 1391 8871 4725 9753 7515 2369 53 3834 2604 9005 4218
25 5975 1534 6812 4113 1658 1616 3349 9762 5204 7112 5798 9086 157 7545 2084 5435 3807 5013 6535 3309 1558 9318 3101 4879 9413
25 180 2984 5839 5870 6051 8318 9854 9373 7021 7177 2929 4828 2817 5629 5642 8315 5330 7429 1084 8841 6368 1747 4210 5660 5169
25 3578 5377 5730 9599 1358 1108 9978 2943 1182 2431 6352 3876 3238 5259 9567 2250 56 4667 3731 3552 3652 585 5031 5027 7316
25 1344 6363 9819 5699 6551 5029 186 8748 5188 3811 889 5785 37 7776 5262 2224 9904 4634 6584 3241 7693 1701 1819 6393 6313
25 1626 4823 5056 9907 3835 5768 3719 3765 1713 4898 5305 6033 3245 9402 9621 2147 485 3579 5650 3385 9844 7915 5716 4407 8741
25 563 8102 1058 8870 483 2701 2944 2302 6392 3812 3093 5927 5921 1396 9900 7832 9094 1800 1953 7123 7377 5608 3050 6187 7033
25 3608 251 7317 3738 9175 7863 3429 106 4300 5396 4106 4461 753 1584 2804 3634 2162 4638 9881 6821 9807 3190 5599 619 4209
25 3936 7733 6387 5704 3633 5100 7040 4910 4207 3473 7688 5288 2903 8176 435 6934 3940 677 1557 6396 3462 4458 9077 3815 1369
25 7025 3496 9619 9239 2810 6475 3073 6918 9217 6858 9622 3372 5268 4262 6507 5170 2367 3980 4173 3369 9959 6975 5162 393 8872
25 2430 7164 4003 1611 684 9034 291 8949 7176 5510 1269 7196 3391 6053 1291 1990 6887 1820 7168 8708 3771 6737 3777 4371 6429
25 3708 2678 67 7996 4542 899 1541 5455 1279 2239 319 5061 5149 540 437 2545 7824 4767 2047 2205 3171 8880 5281 1188 7667
25 7482 2534 9002 5336 2164 162 85 6618 9293 6739 2458 675 8956 7199 9716 9612 8957 7855 3212 5066 5835 6165 6281 4168 9015
25 3381 5815 4441 2436 2776 4343 5403 6461 2172 1119 2818 9292 4263 4654 9033 1767 8168 3348 4936 3523 3521 9032 2029 647 2653
25 5886 6514 9159 3832 2407 7772 7171 1097 6558 4524 3416 8920 1967 9741 4652 9589 8144 3616 9264 201 7397 6381 6825 5431 9719
25 7613 6495 5717 640 3199 3161 8667 9269 4562 8550 3049 6407 4437 2450 6041 4488 2855 3926 6135 7550 4813 4769 6791 9552 8300
25 211 8786 8155 7960 6170 8113 7766 3258 6022 27 9344 5567 2658 4797 3979 6702 2754 7264 5831 4819 3986 9531 2798 8834 1060
25 5059 9011 8839 1177 8017 8658 3432 3660 3065 3274 3129 9545 5219 5171 6743 171 5064 3142 2609 3240 8865 3740 3629 5725 7050
25 719 6072 5943 748 7158 7652 1851 1768 5880 6050 9105 5990 371 4062 3449 8392 549 2532 3426 5450 6857 9278 4158 7091 1522
25 4679 723 760 7044 312 2218 7386 2158 8999 672 9664 9767 496 9888 3522 7852 4609 4803 1202 7032 1046 8666 9742 7322 998
25 2346 5762 3718 8249 21 7748 6816 3535 756 6532 8724 2174 6186 3610 7076 5423 5434 8173 5207 787 2885 9156 7438 8312 7969
25 4818 8815 6200 7926 1285 5705 9586 728 9779 7717 5266 4676 2779 3683 1516 7442 4731 3302 8540 1445 8636 4983 2737 8081 1875
25 5137 8160 7062 7512 198 7030 6498 6447 8403 7570 2942 4715 9793 2371 9641 1294 9052 372 6843 5853 7768 4298 7287 2389 8892
25 2212 9624 4088 7007 6164 7658 833 662 1809 9419 747 2500 9167 3297 9437 2375 9862 5318 5365 3745 9626 2519 3816 9630 9596
25 8047 7503 6936 4873 6989 4982 3844 7682 1296 733 7263 3743 2386 6318 9525 5684 9638 5421 6218 7853 567 4937 3694 7421 2360
25 1067 9076 1623 6751 9903 3423 3162 1510 9554 9618 713 1948 51 4151 5253 3194 4367 6732 5102 3990 771 7406 3271 6214 6482
25 4138 1716 3941 7057 3266 3380 9765 7104 5132 580 3804 8804 5659 9637 2865 440 5196 402 1559 7967 9678 366 8794 6570 4386
25 9868 2198 3917 4073 9747 9340 4926 221 849 706 2786 373 2627 8443 9067 5045 971 7656 961 7485 5689 3868 3971 2160 871
25 8330 7519 3154 6087 336 856 2827 8221 9945 954 7597 9132 6100 3463 6712 4955 2813 2607 929 7809 2978 8535 4249 6941 2550
25 9515 6581 3715 8179 7244 7628 4765 9595 7988 6819 2895 9813 4217 8600 9364 9416 3826 1903 8955 9842 1039 6191 5557 5907 8055
25 4829 1610 5506 1659 1515 4002 7018 7115 7510 3099 2572 8807 5280 5411 7381 4659 512 3331 6685 752 4146 2068 9260 6817 4573
25 5371 9503 8601 916 2578 9640 7710 5526 7704 5678 9142 2043 1110 8134 5672 9131 9602 2434 1603 6996 9235 9898 2472 606 329
25 7621 4255 7242 7699 2917 5546 3587 8423 7426 7995 4992 1106 1247 3622 344 4182 7448 4129 2872 7404 2595 940 2379 1329 2876
25 6252 7235 1969 9246 384 6462 6787 8800 1454 119 227 4319 3051 1091 3087 6586 3754 4643 9734 4572 8539 9436 2266 3677 8203
25 1178 9600 115 1435 337 6073 5191 972 9316 6490 2410 8280 5832 9149 9942 3195 3573 5548 2425 7058 5359 3320 8001 9407 1878
25 4948 1773 356 1150 5189 8513 7045 439 3787 9877 6299 8194 6921 1567 7731 2023 1418 9597 2497 9207 9551 4222 7160 3233 3257
25 2445 4337 2908 8969 772 2523 333 4850 2195 4410 12 3672 9266 4695 1482 5078 5511 9201 8062 6862 6966 87 4787 5775 5298
25 7972 39 48 9909 730 8348 9199 8347 2161 307 9291 5942 1402 4424 5447 7224 441 3846 6445 8939 8738 309 1899 5286 9338
25 3709 367 607 9089 2444 4672 5767 7156 9453 2397 8980 4565 4064 341 6485 7210 5010 1469 3938 1684 5947 7548 4246 8106 2852
25 8968 3887 3294 381 7973 2529 2215 3618 234 9576 2236 1053 3210 9773 4543 98 2471 9294 4713 2925 8322 7071 2610 3096 4240
25 3696 5370 4840 5340 4592 6605 6468 5248 6492 8928 3016 7777 1116 7618 64 5746 8987 5459 9566 7514 1401 3920 316 7394 2097
25 6515 134 3501 5032 2772 9523 9912 5911 6420 6775 9225 2915 1365 4259 6756 9704 2012 5809 8353 9215 6150 2269 3630 6097 1915
25 368 4990 217 3404 4648 6454 9361 3460 2036 2042 2503 1355 795 9374 859 7849 4009 7445 1826 177 2303 7432 7320 6773 4900
25 7444 7929 9806 7978 5850 1104 9421 7708 4434 1495 1910 5742 286 2623 5522 5125 4919 9958 2391 7964 7743 8533 5707 3650 4600
25 9925 264 2625 388 1180 2981 7318 6847 7879 91 1210 3761 9029 7949 500 7685 1764 9329 141 9030 1064 6082 8371 6920 6529
25 2297 5134 9639 8677 7780 9104 3033 7066 9271 1622 4271 2791 9248 4236 2558 7799 1438 6268 6391 1950 9859 5256 2552 5364 6481
25 9186 2134 9574 4375 2263 282 3554 6142 214 3298 2879 1881 9671 4848 4783 9432 9195 7473 2493 5671 9309 5369 1943 8238 794
25 8578 3773 2109 9930 5258 202 1898 4901 5765 3123 7531 3958 1068 5290 3862 2424 2267 6497 2201 5104 460 8688 7993 7443 4363
25 9530 2155 7808 3364 7674 885 6038 8700 7553 7142 3041 715 5549 9947 6283 1627 4624 5987 9605 1036 2577 4743 2468 5896 4971
25 1973 8297 5257 1663 6078 809 6806 8119 3494 1568 7412 7573 6944 5245 631 6537 9676 1872 6298 8279 9845 4054 2647 1827 7309
25 7464 6935 5420 800 5302 7707 3996 5041 8930 1985 6839 4581 3410 2608 6204 1862 9456 7181 9725 8255 1511 3763 8069 9178 8126
25 3230 6792 430 9687 6576 8564 1105 5151 9192 9876 8558 5399 238 6715 9101 925 2562 8685 8250 6700 3823 1183 1048 1184 3723
25 6879 7966 1056 5786 2788 278 4156 6876 9348 4136 96 9310 1273 822 9308 6789 6998 4463 9415 4576 318 7205 6374 154 272
25 9256 5321 2825 5564 1799 4400 1592 2892 83 8409 6146 7527 1005 6334 4833 1537 6651 2531 529 9856 7299 5233 7985 741 249
25 4483 9444 7276 4858 9731 22 6572 2907 4251 4324 5804 6130 2624 7670 1103 9043 3693 9455 6438 5019 194 6969 7950 1687 1160
25 3225 5325 6509 6955 3025 4339 6294 6103 8390 9221 3830 4377 3783 824 9812 1350 3094 7334 9204 3939 1935 5344 245 7173 7069
25 2620 2356 3188 9980 8715 4711 5366 2270 2513 8378 1930 474 3402 3446 6603 6319 4987 3981 3792 9887 9355 1205 4569 4480 4722
25 9579 4303 1252 9846 7533 8656 2740 7223 7753 2809 9176 848 2838 4256 5796 3121 426 5517 3643 3890 6621 324 5186 3735 2549
25 6403 1322 4090 1906 7615 8898 9307 490 3308 6501 466 802 4447 7712 7311 6556 399 6162 806 8313 9799 596 4541 944 73
25 6600 2343 1387 3849 3998 4500 694 6444 8157 4540 4874 3137 3208 8012 2781 5442 1692 4276 6568 4083 6877 8655 473 624 3191
25 8184 4465 9831 3929 5666 5646 6325 6240 5952 5073 8703 3562 3671 2453 3422 4668 1109 6750 9974 6675 4285 5980 5964 7419 4768
25 4070 8780 4698 2923 1162 4732 1588 9136 120 1655 1717 4260 9116 4397 9650 4347 5728 5992 2535 9337 5879 7633 6884 9107 8588
25 9360 6911 18 1195 1471 6512 9280 1214 3779 6870 6068 926 6054 4201 701 6028 9823 172 5579 7454 6365 6606 2564 4332 4977
25 2177 1816 1088 2702 8215 3789 2 6194 1324 2873 8382 8442 5395 8097 4628 3024 7594 8750 3669 7947 4880 7431 2138 4020 5662
25 3638 5864 4162 8441 3005 2961 8399 6790 6853 2328 193 2336 1964 6235 5473 8376 9390 6890 6410 9884 3376 1960 7495 8661 442
25 4301 3338 8614 2504 6774 3584 2416 197 3047 5736 7182 7216 6741 3703 6308 8909 7097 3910 8328 396 2398 1695 9538 1748 8936
25 9252 4074 9712 3898 9210 9380 2185 1828 6769 5752 6263 9822 4782 4682 6705 827 5860 1901 7903 164 8256 3520 4903 3648 4820
25 5332 5348 5884 3253 1258 5331 1260 9591 481 5665 4153 9971 2098 3909 7734 2374 4522 7517 6045 9785 2968 3058 1698 3440 6249
25 9519 3330 3211 7847 75 1485 1679 5177 3545 5082 2235 6781 3368 618 3768 2846 2213 3561 2226 7418 3598 7711 9886 5128 9542
25 5919 4924 2510 2673 9556 7231 5933 6044 3707 325 8109 817 3817 3620 5342 7611 9223 3755 9241 5025 5708 8697 9263 5696 2777
25 9520 3625 1651 4580 2330 5261 6747 9150 7388 7308 4980 8610 2401 5160 7891 1554 2131 9590 5270 6119 4525 8589 3659 10 4744
25 4836 9788 4308 2567 4815 6359 1378 4382 7976 3873 4601 4552 6219 3108 7408 8762 2208 5566 1031 7744 3720 4596 8506 1311 5017
25 1023 5812 8111 9897 352 4059 5680 9434 6107 5502 6259 7295 2008 9229 7447 8243 3279 4870 1825 653 1971 3691 1734 6530 3472
25 3861 313 6995 284 434 8471 3656 6623 7352 5326 6210 678 6579 9306 1917 603 2889 343 3120 5541 4016 8196 5709 3853 2411
25 8599 2692 7796 2593 4468 4617 4635 570 7604 3930 9528 3152 6731 9122 9274 8814 9857 4979 8793 6169 8281 1539 2188 6322 905
25 4528 5156 5788 6315 3408 4995 3345 7038 1528 9580 1498 2905 4309 2812 8525 5568 4408 8033 469 9875 5840 2242 3419 9666 5794
25 923 9784 216 4065 8732 8420 3952 8657 4297 2996 2167 5197 6730 1761 5805 6629 143 7885 3490 5357 8205 1834 8882 6069 967
