29 9475 1717 7720 8297 6983 2633 4030 9864 8828 5278 8466 4732 6310 6386 918 7265 9214 9021 478 535 3397 5892 9849 8045 2559 843 9505 3580 819
29 9392 1641 6425 3302 6925 2212 7158 3741 5223 5146 5508 3484 4689 2390 7112 5752 8759 6940 5773 7963 4208 6243 5088 8985 1834 9710 7843 6830 8395
29 156 7674 6785 3501 9811 3557 3332 320 5315 9436 9376 8623 4892 3303 2551 604 8288 2945 1213 5977 9226 5004 5190 9637 218 6532 2441 4345 9914
29 3187 9155 766 5938 2573 873 7203 2644 888 2624 790 6586 4873 3879 2730 4471 3886 2568 8684 992 8656 7686 4000 4790 8058 2514 5780 4135 5690
29 4052 1938 7918 1140 7699 3391 9147 1004 2027 9658 3229 1228 292 1280 1294 5104 3343 3204 8491 4837 4142 9373 1110 5571 8810 2712 5609 7294 6441
29 8598 1769 5041 5898 9378 3845 6027 745 901 1081 1872 3506 3453 7157 3003 99 2315 381 1931 4499 4854 3206 6694 735 2626 3959 4827 1484 4539
29 4189 9872 726 8797 5116 1448 7952 7028 2613 550 5119 1158 2184 3849 8149 4855 4378 5567 4299 1823 5469 346 6636 8690 2927 8164 3758 8412 1508
29 6428 3039 698 3339 4436 7177 1794 9546 243 3887 3545 3315 778 8826 4288 9712 5731 5174 3088 2662 8452 1814 7892 1527 5582 9579 3083 2530 5987
29 5835 1472 5241 2604 1964 6313 1994 9599 9986 8627 8122 7802 8769 6993 9008 4365 6350 3319 1216 6307 9656 1703 3002 3838 1957 4291 3345 3038 8670
29 9106 2378 7343 6935 2755 4009 5525 5580 9495 8874 6715 2928 9218 2577 8436 4312 6930 3013 4812 8303 1159 2002 9205 2434 7457 4412 3840 9697 6164
29 7138 9371 6578 928 817 6718 6304 7878 5512 3130 6697 648 4456 1962 580 4167 7564 5056 8082 2473 4876 9574 2655 7220 2618 9863 7817 825 4184
29 4467 6229 4338 191 4219 4655 7185 6990 3430 3167 1431 2760 4212 8938 1029 6692 3301 1161 5498 3255 7160 2196 5358 8393 9277 8218 1079 2634 7134
29 3491 6190 4878 5914 9735 8693 4887 956 1707 3675 5856 4818 6449 799 7739 7656 3939 803 5385 4879 4781 5607 6316 6289 6832 2523 769 4526 3642
29 9168 5062 612 6664 2570 357 7842 7359 8249 5369 5474 1215 4823 600 7346 9595 4737 8837 7476 4853 6529 5902 2199 808 121 6153 9293 8360 6246
29 9159 13 9117 502 4151 6504 1165 1160 2853 4229 373 6318 6585 2019 5962 6147 6111 4164 444 2596 2023 9840 9306 7287 2104 5870 3664 1851 7936
29 3873 9890 9957 5345 1417 7519 5478 385 3984 6331 4888 5329 4284 683 6345 264 6323 2200 1845 3714 4285 786 7902 4468 8779 7050 7319 7654 1911
29 3636 934 4057 563 1499 5680 232 4828 7927 5434 257 4844 4002 3415 9381 2869 9483 7218 2702 8839 3365 5663 8252 1583 7713 6783 451 2968 7641
29 4182 2163 523 6635 7279 3898 8991 4231 9393 670 615 9839 2548 9365 2893 2032 1469 7999 8420 3089 4928 8863 7687 826 6943 9698 5667 1399 900
29 2717 3425 1247 8481 9956 5308 5744 3335 6538 8182 4163 7122 1524 9233 5093 3692 4027 8461 2270 2974 8473 7454 3521 1017 1281 1705 4592 7066 9941
29 3831 7426 9992 288 1278 6278 1133 9184 8076 789 5023 521 7785 9068 9217 9716 3605 1858 2521 1006 3017 8354 1129 4270 1181 2571 1295 5418 1298
29 4768 7901 6796 6482 7707 5724 6580 3997 3904 3678 413 7466 9497 7620 3828 6072 7758 505 6476 3945 4982 5363 963 4783 4061 882 1105 6149 3386
29 8078 7995 1424 5545 3268 9263 3731 7777 2310 7597 5397 9529 2124 3629 6892 7587 6653 5001 9509 9911 3296 8101 2529 7019 859 7107 5948 4254 3107
29 9191 6423 6687 7042 2756 2201 6452 173 1420 1871 1096 84 8558 6388 5027 1070 2387 6850 3408 2272 2641 6194 7659 4907 1378 439 6881 3540 233
29 4611 6845 5583 1670 4046 1562 81 184 8506 2707 4726 7275 1747 4930 7344 1052 2206 1495 8171 9985 2750 5684 8485 464 4646 4026 4998 1503 849
29 3922 8709 3991 6699 3373 7482 7086 7117 9725 8638 7291 1564 1618 345 6399 4317 131 3004 5150 7083 6004 6855 9496 8510 8306 5809 3958 2585 6216
29 8858 602 5532 1909 5298 2555 610 5670 7392 7629 1218 6574 1214 6780 213 6846 9098 3376 6739 3973 8048 3270 7895 5016 4905 4517 951 8387 2611
29 9888 1386 1364 9787 8282 4573 7259 5916 9675 4446 2835 1000 9750 109 6716 6895 5622 7889 8186 1426 3097 4013 9652 1277 1682 5907 7002 6639 75
29 8141 3440 6497 3333 6382 7603 7637 9565 794 2960 5322 4533 9855 2686 8807 917 2753 471 842 1201 1356 1922 7301 4979 2990 6159 6029 2215 2497
29 586 5254 7222 3260 9669 5082 9831 8831 5772 4931 2286 8859 1742 5691 8915 270 1832 6963 7578 8419 7716 118 9691 3478 105 9099 5618 4585 8629
29 6440 9014 6214 417 7161 8277 4530 7598 8649 4264 4579 8214 3846 3926 568 2372 6223 8196 9465 6957 6984 6108 9631 8648 399 806 5507 966 2480
29 7883 4107 3765 1407 2506 2746 5883 6099 1821 3215 1360 3035 9809 9287 5720 9355 9564 8757 3056 591 4554 767 5243 2732 1209 5231 9438 1001 5707
29 1574 835 7096 665 5668 7769 3346 2591 3803 6160 9973 5584 8106 4081 7919 8475 3129 4043 4868 9195 9105 7303 6926 2302 2393 3406 937 2213 7021
29 2265 724 7574 9251 5534 7845 5126 6866 9437 1679 3105 5647 2355 387 376 5114 6565 8310 8571 5605 3964 8467 5011 732 9582 1881 9869 2249 7911
29 8946 2993 5595 5156 6620 837 2053 6859 1167 2832 8877 4047 7830 8426 8279 6448 1736 3820 2128 9239 935 7266 1966 9181 4020 2706 3931 1268 411
29 4466 962 3693 9646 8906 1462 9856 9585 2435 4413 8794 5501 2539 8482 5833 3920 4328 3891 6443 6087 5421 9206 7600 3996 4297 891 6266 9015 8465
29 8450 3590 9166 3643 8327 2049 1042 2637 5739 9854 3166 8878 8616 1321 4420 2077 6607 6905 840 6875 2861 8173 2619 2884 2398 5633 2119 4923 2659
29 2822 746 4794 4214 3762 3536 784 4282 8645 8783 6188 4657 4952 5451 628 9609 9047 4780 5415 6394 5494 6047 4651 1997 651 2776 3024 3403 697
29 5876 2223 9791 61 8872 6995 4694 7944 190 2788 9363 2651 9072 6187 5132 9729 5594 1906 5617 5078 1561 7034 6848 7440 1576 1115 8941 6264 2681
29 2209 6808 1060 8431 4777 1631 3722 6167 6874 5935 5068 8808 3020 9769 4417 6100 5485 2407 7563 2650 5271 8071 1628 3066 6251 2448 2444 5779 9958
29 3016 3387 4701 5794 1175 4784 62 7110 6854 5074 2799 9575 5018 9278 5048 6624 2951 3571 3378 8800 6568 6886 3023 7714 6761 5950 5844 7805 7688
29 5832 4077 5952 1818 5171 3036 163 541 2679 409 3850 4401 6849 4425 9334 693 6521 6466 8626 3549 658 5933 296 8811 7477 1943 1801 8268 7368
29 6507 7080 8386 5185 1745 6681 5224 7988 7240 8316 9919 3670 223 249 6544 7018 7700 6009 4143 6199 5807 6196 1586 2282 7094 6901 145 9847 6804
29 5014 2182 8657 7394 1863 2664 4553 4350 4953 2415 4262 2426 5405 259 8883 30 9264 4094 3329 1252 4491 4445 8010 3713 9253 8376 340 9918 9307
29 9738 9053 5049 2933 7323 629 4942 9477 8460 1310 8988 4435 140 225 922 7075 5730 4482 905 5920 3357 8280 9377 3135 8567 9778 3985 4339 5638
29 1134 7822 4797 5113 3763 5448 7488 8737 927 6523 4040 7352 3131 9081 1553 9453 7499 4310 5123 1087 2676 3338 114 8088 8522 5559 3074 6038 2367
29 2234 9861 7946 1192 2640 8615 5058 1770 1149 8486 1290 4519 9187 8115 4011 3888 8221 8158 1741 5139 6937 3750 6548 3084 6325 427 8105 7841 4275
29 1826 102 6931 4803 2293 6444 4278 7872 6218 468 1074 38 3310 3368 32 623 3512 7881 3276 5458 3768 7391 9108 25 2269 2942 3101 9555 9741
29 1959 4078 7984 4318 6150 1260 9537 5353 5760 9499 5429 4153 1003 3584 643 4332 2658 4054 1702 4886 1334 139 7224 6659 4367 6203 9615 7178 5486
29 327 719 687 2916 3259 8765 8726 9315 8263 2892 3813 9110 8821 3136 3944 7044 3599 7248 248 3252 5893 7274 9536 4908 3943 7478 3072 3059 419
29 7678 4801 5608 2263 9079 7992 2058 9745 4083 1610 2802 9793 7560 2004 178 3463 6851 8843 7079 2665 6803 988 3655 5686 3157 4840 6513 8216 8909
29 6950 4473 314 4068 7798 8701 1229 883 1411 1032 2230 9012 2397 7300 7948 8550 4549 5205 1338 6469 2361 9048 4121 7228 7125 480 3467 6969 6576
29 187 1587 551 7581 1560 1025 1760 6395 3821 8476 9056 5327 8507 3543 664 5214 2219 7129 2246 5778 2688 9132 7933 5728 9633 1629 368 7806 5208
29 3123 3384 3533 5965 4034 1961 8293 5433 36 8904 8013 7672 8691 5219 157 9588 1840 9077 1720 7041 4333 6805 4210 6478 181 6495 287 7854 1637
29 5266 6603 5503 8919 3410 1907 4495 964 8251 7390 833 3286 2780 986 1498 984 5648 8414 4860 774 2172 4744 1912 7734 3214 4811 7801 6680 6413
29 654 2648 3361 3312 3126 3412 4076 6036 7981 6296 1849 7706 3721 8686 1401 2006 2631 461 1523 5103 3965 3223 6771 4999 7517 8987 1270 8443 7272
29 4974 5524 6879 5134 4 4156 7406 7467 4205 1370 3144 881 8844 2977 1914 4414 1876 8425 2700 5853 4206 4563 4912 4326 1812 41 5960 3472 3748
29 9925 9211 1468 6475 8950 4227 1282 771 3195 8700 5659 1166 1960 7308 9207 7238 6991 3805 1652 2997 3736 9313 8326 5599 3239 860 4548 6142 1363
29 2150 2758 6610 7331 3306 571 7408 3297 6919 204 392 4443 2076 6010 1968 3674 2226 7591 7064 1582 6349 1979 4613 4038 5173 5276 5859 4963 6835
29 4523 9413 5245 5942 9073 6005 3537 6128 177 9870 5059 4374 2825 8332 4918 8882 3213 4406 3473 9846 2543 5364 9374 2991 3614 240 9767 3918 8618
29 9058 6975 1437 6231 5566 3380 9302 1340 743 219 5603 7387 3416 1952 1838 5373 1571 1403 2029 4991 1026 5544 7465 4733 4961 2779 2273 5042 6301
29 7584 1572 6600 5031 7890 7383 7572 4015 5053 5425 5297 4223 8824 6429 1249 2300 1536 4893 6678 6777 9578 8430 3165 2072 7154 127 4793 7568 5666
29 1434 570 3911 4091 1398 2144 4903 9456 1127 111 4292 8943 6456 6951 4723 9290 5076 8133 2026 8138 7211 2102 7055 7354 2257 497 8317 9544 3634
29 3448 445 5846 108 6748 684 1677 7347 8517 6572 5749 7753 6510 710 382 8926 3641 2327 3728 6020 748 8676 1506 7048 7119 3041 1891 5877 9154
29 1048 6638 7235 276 5855 8584 9825 3079 3745 2843 1423 7039 2705 3685 4813 700 903 2425 4389 761 8704 1663 2117 8818 1279 3663 1550 869 6405
29 3353 7277 6245 8356 9416 7485 1373 8679 2322 7105 8511 4564 3975 3094 5994 3495 635 9587 9706 463 5563 4859 8962 3706 1287 8061 3404 224 7917
29 1813 9543 3119 747 4415 2352 740 6686 4465 2001 5514 9127 5768 9458 4829 1068 7159 6512 1710 5431 28 3413 6465 6103 9713 9535 6755 4235 4678
29 3423 8220 8523 4769 2350 979 4627 6244 5439 6584 3078 5420 3290 8390 1905 5842 449 299 7023 4439 944 6391 543 9881 1518 6972 6161 2810 531
29 2038 8424 6729 3316 3735 8910 2138 1342 4724 4370 3637 2052 5803 8278 5820 9344 1391 8336 4202 9401 2787 3862 1331 7376 1815 6305 5928 2879 9770
29 5371 7914 3128 1014 8083 6211 7022 365 1657 1532 1852 3603 3454 3923 2171 8578 1383 650 1366 9294 7874 7913 5932 8576 344 2308 4058 3422 3143
29 6056 7653 9868 4099 9702 9115 1076 1917 2194 1219 5530 7345 9116 3011 6375 6321 6726 1341 3754 9693 4508 8923 3578 5232 8043 7930 7729 2957 7162
29 3183 8019 4060 6864 6374 593 3881 6112 141 4588 7815 7000 7443 6809 9002 7102 14 1632 6336 3690 7547 8557 7445 113 8554 47 2123 2561 2994
29 9822 3236 7793 2693 3417 4629 3703 5446 8581 5821 3362 1557 7596 7001 6836 8597 8529 7365 2319 6682 3140 4772 8427 3424 634 1428 8986 6561 9700
29 175 4398 1734 6928 2479 721 3242 6437 6978 3304 2509 3507 2044 2790 3028 6904 2466 4946 8643 7582 5094 1072 6774 2778 3661 5398 7008 2901 9932
29 701 7136 4766 6416 422 5896 9329 402 9848 3086 5035 3548 8861 6811 1452 5443 8975 756 7040 7070 562 2240 2162 2285 2095 1634 2143 3530 470
29 3875 1566 2793 2205 7084 3680 8368 8454 5302 5071 7847 6287 5282 2014 1774 669 4955 5287 3615 6314 8612 1617 4209 814 6201 2329 7966 4708 4300
29 5454 8786 7395 9685 5109 294 1095 5596 6470 9220 2909 3191 2923 7549 1308 2251 2108 414 1265 1884 6373 2159 1372 1874 892 7166 2915 9330 7502
29 9601 5777 8543 5472 9636 4018 7149 2762 2728 1555 1749 3194 527 1701 5379 3684 1057 2379 2754 6685 9137 8275 4624 1869 4798 1263 3349 3159 3517
29 4119 3766 1348 26 2614 5436 6618 2242 1306 5843 4679 3431 8611 1102 4862 998 9119 3552 8429 3372 8735 2764 5649 1546 8219 4682 4674 6598 6065
29 8725 8057 8177 7752 6284 5086 7016 3151 2541 8728 5055 2050 8939 3695 1853 713 1173 8333 2453 8817 5979 6536 4463 441 8749 9347 8928 946 4915
29 2446 1579 5149 1037 3396 7147 8500 679 7317 1120 7875 868 322 133 2114 5577 494 3960 5246 148 7226 5145 9539 3163 9576 453 7837 283 7652
29 389 4065 1196 3519 3612 2036 970 5138 3427 5975 2055 4440 529 5600 1482 4177 8200 1351 9928 9429 1065 3980 9503 7520 1449 8077 7631 8819 7364
29 2820 1788 4543 7120 6407 2401 8594 5170 4185 7038 1668 1395 1436 5817 2759 1664 4240 3068 5038 6691 154 2210 9680 8084 3588 3734 1916 8879 5823
29 1965 2922 4754 8566 8273 2358 4096 572 74 1193 7610 7906 5852 189 5135 5540 2462 5825 2684 6035 8930 7736 3022 6053 6577 3796 3645 764 7887
29 2851 4935 5492 9797 273 6421 8281 1898 8036 1007 3262 560 8145 9135 3061 8780 1927 8702 9162 4441 1332 8881 6917 8192 2691 3173 8236 3334 5453
29 9111 6430 7787 6402 4966 1239 9242 3326 8292 1519 8602 9029 5661 3981 522 2225 112 3359 8495 4686 3749 3523 4848 1978 2976 1820 5774 7533 5723
29 526 1111 9366 5537 7976 4248 5901 7054 7592 4483 8325 7082 5828 3771 3646 7171 3409 716 801 2208 8021 5576 8451 2454 7711 205 2291 3829 85
29 7759 7937 3534 7648 3518 5868 3443 1322 5274 5838 1011 8047 8801 7150 9763 2237 6492 2047 5060 1748 4253 9086 9061 9572 9962 5685 4461 7422 1648
29 3883 4764 548 5462 3524 5705 5693 7441 8518 6740 6069 1548 5137 6665 3609 1866 5790 3109 4572 5034 5866 7954 4403 2751 6366 7677 9383 4965 2288
29 5046 2417 188 487 3811 6348 5499 8365 2161 9339 9562 4687 3127 5848 2683 9252 1616 2411 7879 5061 4211 7311 6986 2953 2248 6377 3161 7608 6511
29 2854 4141 2785 6168 1250 8714 5522 3528 5176 4289 3313 9908 8899 2463 844 7033 407 9471 307 5616 8301 269 5019 9686 9353 2834 8743 2386 9212
29 8551 3815 5771 9755 2145 4391 5052 7379 6312 5235 6263 6651 2148 8775 539 6743 6106 4118 7628 5444 7170 7113 6489 1479 7730 6573 5375 2668 7492
29 152 3902 4390 6463 9806 4250 4093 4377 7316 5183 1233 6252 1919 4749 5606 234 8498 834 3880 4670 9102 5328 9789 1878 44 940 2371 3913 3818
29 5260 666 9037 6970 2965 8439 2106 3644 2470 4577 2931 3606 8455 1544 1170 7184 418 9596 3371 9946 201 765 9036 4039 7332 4346 2789 4767 1154
29 3117 3145 9257 3921 9175 1985 2359 9272 5253 358 9690 5279 334 3464 866 7271 9011 5755 355 2580 9271 7250 5319 3426 6717 2828 3970 1738 1921
29 691 6669 2332 5815 3582 4084 682 4621 3429 431 2513 4168 9007 2354 4943 9673 2889 9262 2118 549 827 4816 4449 7602 5864 5586 6442 2016 7690
29 5679 6885 5756 2512 6910 1575 7087 3854 6793 8723 5222 9979 4100 2589 1892 169 8764 1 7428 6555 3809 9682 4426 5101 8845 6041 6776 7270 4916
29 3155 493 1365 7638 676 5251 8711 1222 8793 2175 5314 2474 2699 7388 8675 2185 5643 7829 1743 9237 5745 1514 5785 149 4459 9894 637 1551 9784
29 2849 7576 7397 5237 2430 1659 1639 4394 1485 7703 1189 6707 2389 7740 6208 1894 6924 5573 6417 179 8212 2621 8127 4150 6408 6052 7861 6390 3952
29 6424 9049 5941 477 1505 5416 343 8532 8000 6277 168 9689 1319 6486 1494 3853 4538 255 8156 6589 4233 8748 9623 3559 262 3760 8374 5930 8636
29 1753 9594 4259 6250 4529 375 3847 2748 6436 4432 4684 1329 5347 1261 1507 8362 5627 1763 7225 19 4225 5995 3627 4850 4337 172 1540 1946 2980
29 6096 9340 7569 6003 6973 5020 9540 9571 8235 6675 3794 1799 4667 4583 4371 3389 3639 583 8921 807 7446 7182 5792 8770 7121 7090 6435 6663 4644
29 4322 2734 8654 2482 3953 309 4302 8328 7748 5277 5366 3146 3174 8345 4448 5943 4125 4493 8827 6604 1357 1041 7658 1686 3015 3779 1255 7399 2518
29 5057 1577 3833 4802 9817 678 7361 9622 8389 5502 5238 3055 1034 6601 9800 8942 1567 6962 646 347 7255 7145 1497 6 4571 7156 6883 1653 7417
29 8315 6130 3878 4458 8699 9907 1674 185 4874 4263 6185 6590 5395 6143 3054 6439 3047 1346 9929 1400 2366 160 8922 5091 2214 2105 6821 9995 7577
29 6812 4049 9913 7929 2048 6912 4183 9439 9059 9885 4489 9857 5281 6701 1458 3525 9507 4557 4498 8496 1234 4024 6281 3081 566 5593 2807 9724 8799
29 558 1466 8125 2 8261 5860 8178 5218 793 8974 1694 8008 1085 1483 1885 8355 8242 9553 5043 7956 2035 8136 699 3841 8197 4437 8070 2809 2894
29 333 5465 2874 4937 7109 1515 1055 9485 8377 9733 8652 4019 1320 6192 9256 4139 9409 5614 1625 967 6468 7092 8789 6631 3909 9320 8978 845 4171
29 5634 8546 2241 1983 7985 9937 7870 3486 9324 1427 7942 8562 6378 1056 4551 3896 9323 2663 2988 4649 7786 3307 9602 809 6833 9041 5712 7978 6051
29 9997 577 8927 479 432 1795 147 4969 6562 3683 9420 7811 8659 909 5220 4148 2708 6628 100 7241 2733 8357 8905 2896 3930 5215 1607 341 1635
29 8980 5703 9584 8586 6275 4165 2295 9235 5911 974 8224 4882 2276 3449 2617 3344 4750 1013 923 6788 2277 7469 351 4255 8533 6012 2031 1665 8694
29 8099 4753 8934 8503 1024 3283 6816 6057 7163 4055 6800 2040 5352 4511 4226 3437 2714 887 4787 9897 7571 5141 8853 2065 6222 3355 6271 8167 4331
29 9145 2586 7448 1205 4607 3716 6727 5742 8848 3785 59 6672 8448 4919 947 6462 2593 1654 6083 847 6131 2471 1447 6569 2422 5747 5317 3857 3810
29 7828 2672 328 1036 3844 215 6731 4566 8349 7580 8330 6183 564 4601 6006 5956 6170 5493 6939 8403 5620 3358 9608 3352 7604 8244 3030 518 5517
29 138 3581 5324 7219 2135 5313 8957 6902 9619 5700 9921 1754 7838 6174 8650 3211 9276 3113 6058 2192 7627 7827 4176 3438 2533 6637 9358 9109 6172
29 5455 42 9820 7458 5612 2768 8257 1245 926 8211 8258 9089 7370 1870 2560 6837 4700 7273 3162 6140 6095 6109 3977 857 4196 3607 4643 4685 7207
29 7320 2098 4568 8118 9129 8549 9229 6522 1802 4900 8055 7863 4612 1147 1146 5695 8996 2975 500 1043 8340 9479 5558 6782 2844 3274 3589 3285 5738
29 1785 9284 4757 1139 2860 5066 5166 5157 420 2689 4062 9412 9249 4423 9902 9421 1977 9624 6759 4405 3935 7017 821 9523 1800 4532 5372 9782 2436
29 3660 8097 5889 9699 4926 9980 3091 6752 3905 4110 9835 1168 4696 6024 4199 5270 8599 9717 1656 3550 1284 7451 3712 1877 1626 3906 1323 265 2149
29 660 7418 281 3149 4455 2137 6049 1998 3192 7835 3336 7108 5689 5306 3942 5095 9630 1195 5733 3466 7749 5172 614 983 5386 5285 8574 362 8385
29 6340 5482 3681 9522 1152 1715 1138 7751 4880 4031 2068 7195 8721 4382 7702 7853 7750 9046 7003 3916 7535 1381 9945 5665 6745 4619 8744 9296 4659
29 9215 2805 9460 144 1422 1016 35 2774 3465 7745 1683 9983 1935 3730 5972 361 775 4645 6695 9801 7814 8229 3577 6040 5936 31 120 2804 2388
29 6392 9321 9200 4870 7650 3122 971 1151 5084 2947 9375 1889 1405 412 3983 6365 2821 6050 3007 5179 9341 5715 8633 2177 517 9030 2895 9873 6632
29 9988 9670 9336 598 7151 3347 5706 7896 2680 9308 4833 6862 8536 6941 5504 2741 5531 5884 3261 7634 1696 6116 3699 2197 6916 5548 4257 9410 6787
29 5919 820 9695 3385 1049 7667 7719 7915 9186 7671 7473 6648 6085 8639 9959 4258 8999 6877 4056 7710 3969 7140 4296 7306 9759 5787 5432 8180 6202
29 5588 2452 552 9891 8540 9625 2258 9406 4589 4388 878 2986 3839 8371 5075 8095 3576 4596 7141 438 4939 9744 5316 6317 7616 12 8640 2956 7796
29 9435 9351 4122 5377 7867 7249 5796 134 4145 2919 7484 7068 7877 3893 1135 5356 1886 1156 7635 3732 9639 2356 4036 3752 5795 9244 9573 6952 2254
29 4960 4071 7015 7636 4400 5102 132 1784 3882 1132 4204 3058 9466 6137 6772 4230 5642 2447 5841 1084 3597 3689 9167 4510 7281 3457 5374 4037 4576
29 5831 306 8678 40 5910 304 792 7866 2289 5900 7614 8284 7941 430 1771 6220 2130 5631 8271 8161 5283 6825 2729 2383 3649 8165 9444 6587 5211
29 7609 9960 457 7335 9120 4718 1300 4487 383 1304 4898 6191 4906 9792 2800 66 4656 3602 7027 8525 6019 6290 4485 2115 1947 796 6496 655 3708
29 1817 5030 9104 1860 1325 7723 1093 662 6547 3865 5781 1723 907 8446 5152 7069 6078 303 9480 1850 5623 9402 6355 6887 7923 8895 2380 8715 9478
29 4904 2921 1768 6258 3295 8697 2057 3871 5748 4306 3608 3298 9628 5782 2666 3137 8534 6315 6792 4301 2073 5339 7498 948 4666 7968 3719 7153 7234
29 2600 2584 5195 2459 7442 7144 899 4116 4758 230 3330 6224 3134 7118 8601 6048 7836 3085 5980 1116 6372 1843 2160 4741 5391 6358 8585 6898 973
29 9714 8172 2442 5675 1197 9629 5912 93 5105 9737 391 8159 2520 5367 2981 8223 6977 2181 7510 1101 1476 8209 9193 2360 4877 2572 9580 8265 722
29 7633 3592 182 9459 5263 6876 2346 6359 1836 6515 594 7423 7007 2724 5581 2324 1511 3193 8984 3394 9234 8382 2374 9342 8994 9023 9971 2936 2338
29 7148 3511 9942 3618 1597 4933 6710 2745 1253 2132 718 384 1920 3812 8761 1535 1272 5688 759 1970 5626 5250 4409 2294 8343 2385 7371 6061 9138
29 4115 8085 1330 3679 3331 4175 8381 5424 1882 4641 8215 8191 5834 9464 8901 5519 6204 1611 9266 97 1569 6477 9569 8112 2264 6667 7764 4605 694
29 7324 6570 2330 3903 5207 8884 8417 1440 4117 4527 4822 4383 4147 6735 838 5299 6714 9551 524 1379 2081 4849 3947 374 8247 7223 2400 5007 6614
29 6197 1999 3258 4327 4560 2236 393 9395 9240 3784 5547 9654 3314 6182 8140 9666 7898 5154 9626 6571 3787 6158 5085 7074 8708 9613 8037 5284 5921
29 7643 3968 2554 9930 1059 6123 5201 4472 4341 597 6531 7400 4658 7860 965 2527 514 6724 5655 4987 7971 3200 2784 6335 6709 9045 5970 7718 9418
29 8544 7245 9591 9732 1608 1264 473 250 3037 925 5597 6354 6948 8509 2546 7053 4970 398 8259 2490 7945 1699 8763 5158 8736 4981 6371 2267 4188
29 8849 207 8434 9304 906 4286 8924 4358 9044 3320 7036 4101 5428 4546 6873 6998 2798 4704 3852 8208 5858 8102 7501 5017 2478 2501 7852 5851 6906
29 4804 2870 9635 8120 4249 4005 4730 8897 9781 5568 3742 7939 6213 8185 3220 1598 6861 8847 6958 3666 2816 1859 9514 1108 2498 5430 8353 2952 582
29 1141 4891 7031 3560 1053 3266 7327 2771 4545 6567 8917 686 5766 1091 5072 6611 8276 8480 9017 3445 1008 3593 1183 7583 6784 5032 2059 9860 5193
29 993 3256 1040 5669 2141 8250 2468 5784 8154 8289 1837 1045 9906 6114 8329 5775 4129 7353 6853 1733 9663 3053 1086 3948 2211 2088 8270 6865 3399
29 4616 9180 4994 8625 6445 919 2018 9898 9954 2989 1256 4021 1695 2811 2704 6453 4623 5464 9922 342 6934 4283 5217 5009 5527 3311 6404 8631 2507
29 3516 8579 5973 2858 780 9708 9494 8572 3544 3254 8358 7531 1244 2235 4128 2060 9297 354 8367 3337 1090 7862 5155 7972 2938 3601 5736 126 6014
29 2636 7590 1956 2715 7295 5945 9504 3619 1725 290 4140 7334 8337 9414 1963 1416 379 1645 6120 9944 4203 3864 8388 4993 4138 4580 8290 9431 3116
29 6613 9189 330 350 1124 605 6622 4356 8005 5293 2373 7935 9222 6471 8109 982 7514 9653 7285 6043 5788 3691 9101 754 4381 4695 1727 503 4964
29 8995 6042 4170 2012 9836 9761 6566 5759 1730 8588 332 9704 6367 1929 3941 9430 999 4103 9726 2827 945 8342 2284 8685 8803 9064 3468 3870 4347
29 1808 9858 5984 7552 2253 2701 8634 3103 9990 2538 7336 7771 9179 6829 2204 2015 7626 4738 4924 9512 6034 1274 8772 4681 7705 9828 2467 3080 6207
29 9742 2440 5334 429 7543 9719 4323 3625 5878 3212 1643 1825 2720 9389 831 95 8972 3884 7133 7095 1343 1162 2856 9022 4411 65 5698 9404 3082
29 601 6933 6461 1590 6102 8418 4307 3040 1064 8238 21 4720 1698 9736 5800 2872 633 5899 8291 9807 3189 7657 6501 4721 7521 6008 1672 4419 7456
29 3249 2139 2152 1148 434 158 5619 2334 9415 465 4201 5309 7429 9160 305 6540 9040 3231 599 7398 9926 4968 9364 5629 5985 4762 6633 8307 7010
29 1109 1711 4765 5127 4710 7436 5368 3281 22 4500 8668 4127 9372 6878 3441 318 3650 613 7433 1075 2831 1362 3994 6260 4984 7804 3474 5204 2084
29 3877 1187 1285 6655 2578 5949 6500 5010 4385 1883 5601 9862 5497 8020 1145 4373 9560 1224 3222 8703 7 366 11 6141 251 378 1678 2134 1289
29 8090 5604 6265 7698 7986 1217 3949 2908 3341 5704 9976 4988 567 7532 57 7757 7737 7585 8563 5602 151 8998 8622 1930 3938 8880 8062 5991 969
29 5370 3216 8710 7894 1558 4628 2429 939 4190 6630 9067 3407 9300 2984 337 1457 1047 3293 4475 763 401 317 2566 7717 8146 8682 6722 9643 4901
29 4852 78 6200 6871 1421 238 5682 5303 6186 7661 1986 8815 4428 3251 6591 7556 2312 5252 3737 5099 7669 242 2905 7595 6356 3451 9094 8932 4131
29 5354 7782 5209 2599 9095 3275 489 8620 5862 3532 3364 3392 2495 6721 7557 1783 4838 324 2625 3976 1945 7263 8104 7601 8110 4384 8784 1212 3232
29 5955 9246 7115 7922 9612 9096 2710 1904 3780 4785 5793 6927 5441 7884 6741 1439 6802 6649 9345 9614 3843 2377 5381 1337 8241 5526 7470 8470 6090
29 8644 2635 5934 3005 5826 8072 4948 6309 8812 3069 7409 353 1371 198 3446 8908 8087 6725 1955 4806 6608 6903 8716 9221 4615 8750 9388 5227 5255
29 295 5959 5475 5997 1080 8766 1996 6446 5406 5523 2078 2122 3435 7712 6228 5652 3837 6400 7943 9516 2958 3561 2987 2376 2862 7741 1327 3188 3767
29 3160 3075 1339 3324 291 7180 3783 7393 9660 9153 7472 7824 5290 3778 7114 9196 8497 7217 2420 8869 9519 6370 783 5521 7508 4735 578 6133 1445
29 3562 4172 3701 4239 4050 4587 6519 5850 9084 576 6989 8296 3356 3317 2882 4280 3567 5957 8233 9532 7599 5449 6241 4705 652 8658 7174 2296 3595
29 3611 681 9361 8717 2239 7430 2391 9795 4575 1971 1516 8222 3147 8384 2845 7615 7546 5810 1624 4513 7819 423 7073 8363 4936 8830 2985 9838 2103
29 8724 2772 8227 6155 8613 2394 8865 209 8914 7097 6357 1402 7990 4180 7130 2287 3499 588 4842 6247 6297 8521 5776 4108 9934 5471 4353 8887 9346
29 3363 45 7439 5881 9384 6767 3667 3651 9457 8483 7257 822 8855 7612 8489 96 7673 302 490 4846 5165 6080 1297 2405 1305 3197 953 6279 7326
29 671 4114 2890 5129 9382 443 6779 9183 6944 6084 9035 9332 8231 3010 5716 5971 8370 8034 1903 9644 8600 8738 6583 5359 2311 6303 2670 6806 6588
29 4661 2603 3972 5247 3150 3411 8727 760 9338 619 4856 2808 6763 6908 3801 9232 6146 1073 1684 5335 1984 3294 876 7505 8637 6988 7997 9607 647
29 4760 9282 1712 3698 7742 2126 930 5587 252 5100 7761 4290 9309 5840 2615 367 9513 7808 8304 9005 5722 9649 316 1995 1981 8776 788 7655 6148
29 8346 4759 8399 3099 9899 9322 1203 3556 9851 2176 6856 4591 7056 4074 3889 2949 4232 9405 7208 6193 8809 1019 6858 5337 3859 4274 5621 7165 6091
29 5500 4967 8903 3781 5333 7715 2439 6286 4194 4864 7037 301 116 9694 8378 4421 193 7813 8444 6949 1432 3725 5140 7523 20 3120 2814 8683 9604
29 5262 6891 528 2228 9397 4408 2920 2531 530 2071 7816 1630 8665 7005 8338 6380 1050 8321 8107 7826 4216 723 5873 5408 9112 4224 6320 4635 7649
29 5552 2368 8170 2876 653 2339 5022 174 2983 1317 8894 9780 2416 5073 7491 9616 2216 5399 1565 8 3933 1455 880 8802 79 4380 5845 6732 519
29 3153 7566 554 9352 4622 6844 6826 9943 1098 5355 3379 9247 3834 3321 6414 2508 3418 9981 5463 5047 6514 9225 8965 7052 7807 990 4422 1315 4329
29 6791 1764 910 8875 2767 9462 2840 3858 5887 1307 9842 1002 5830 7809 5230 4839 3927 3046 2022 1901 6605 5753 3257 1685 8695 5650 1027 9163 1766
29 7662 3190 3630 3987 9621 7957 2154 5506 8322 8123 2097 5550 2262 7792 1856 369 3535 9776 1058 8098 8064 9472 2553 9886 5261 9423 4940 8964 9577
29 4469 1408 1842 874 60 1257 5683 80 4017 9178 1688 1867 8956 7025 914 9424 6384 4836 7357 5288 6458 8359 4362 2250 717 8731 1638 7747 6575
29 7427 1179 1807 9933 5244 4636 4514 996 9853 1020 8391 7009 6115 2675 7146 4883 2224 3253 9867 1164 1775 770 2824 7342 4688 4895 9731 5562 63
29 395 3042 8492 3044 3620 3757 8933 9753 7405 3388 2735 1908 4835 9845 4779 3657 8614 6494 4911 46 8570 6852 5180 1375 730 4600 8771 1690 6479
29 2652 5954 6595 1976 9454 9777 2298 2232 3724 5976 8131 9993 865 6298 3175 4488 183 1789 8113 3751 2180 9331 50 1374 7770 1486 5216 6055 2451
29 9054 8854 8971 7384 3907 8663 8006 3170 3100 9270 886 2120 3456 6684 7276 8732 1613 2087 1190 348 3564 9210 8852 1716 5275 7731 3008 4771 6491
29 8595 7851 7402 7060 4386 785 6551 2450 1354 5012 5578 7267 4379 4294 3894 1054 3799 595 2723 3485 6165 622 9063 6499 2203 3583 371 8816 8311
29 8453 7833 2069 1862 9123 4001 1854 4387 4799 6872 991 3273 6882 7682 9060 9668 2290 7292 8016 9432 9319 885 9657 5819 3354 4841 6094 1954 9895
29 9488 7318 9202 8778 4186 4181 9909 8873 2064 110 5904 872 4547 8094 4598 1114 4800 884 3621 279 2932 3739 3483 2427 6920 677 2349 5681 5107
29 2191 2863 256 5153 3367 6520 1131 117 689 7455 569 2325 510 7242 1504 9681 9734 5422 3031 657 9357 6089 7967 7618 8002 617 5591 5470 592
29 9561 377 2000 5632 3 5797 6411 975 4193 2061 9760 8505 2685 4713 4157 9283 2245 3184 5986 9521 867 8719 1311 5515 4271 8195 5257 6942 960
29 2823 7849 8143 3914 1554 7980 6658 9892 9808 4736 2028 300 2408 6129 9796 9876 7622 4321 7732 829 6107 4755 1328 4593 2627 3668 4512 6546 6422
29 7613 9440 656 4650 8234 4355 3114 6817 4348 7330 7243 1460 1303 7288 6156 6545 7630 8155 1471 5923 4154 8508 7252 9978 3014 7856 2925 3808 4087
29 8698 1666 3772 8052 9190 5726 9467 2337 1767 6795 8499 5963 1044 7321 7692 4676 2484 5331 3248 3600 1157 4537 6899 1538 5196 3057 9161 7315 9600
29 6227 3709 4088 3598 6563 2873 2375 6205 425 7024 8067 54 403 6063 8341 7172 3740 6760 1806 1729 1722 3726 1731 6293 5536 4913 7123 5240 1199
29 6330 9141 8740 2169 5456 8575 8746 4550 8441 7765 8617 3553 115 2404 512 8990 9209 226 4763 3428 2628 4810 5765 6797 77 8893 3279 2528 4361
29 5798 8044 8977 2399 8053 4192 4858 6295 8641 5763 203 6997 8604 877 9177 3897 9387 2070 8537 2898 6071 9369 898 5538 7463 575 2075 3529 5885
29 1143 1377 1805 7969 6237 9590 1412 150 5401 1083 4124 4028 4376 7509 1662 7681 1828 985 7350 9965 668 5735 2865 3848 2866 390 7926 3444 2423
29 8404 8407 3460 4909 6790 5360 236 7227 7111 135 6609 3515 1948 2743 1552 6134 9066 17 1286 913 6641 2934 3154 88 6818 4947 8402 1367 7414
29 3233 8033 5555 1051 229 706 2301 6652 4004 8040 7536 2153 3284 6915 7099 4902 9169 4648 3822 7366 9493 1155 1318 4366 3988 6311 7934 4097 7264
29 2766 1599 3656 6117 8193 6657 8176 9078 3770 6097 5906 7928 9216 4343 9923 4477 5590 1781 3244 246 1384 29 5305 6248 7788 5678 5789 6179 7527
29 8184 4506 68 7244 6410 2166 1689 4089 6473 8603 7950 8294 6581 9118 557 9325 1918 5651 1246 1394 1078 708 9433 6769 6490 5256 282 8479 6627
29 8267 8372 9568 5112 5598 1923 5351 8577 4025 6276 1349 9502 8591 1744 639 6438 4693 6124 424 2449 8664 7594 2597 1454 547 7726 7424 4594 2107
29 8561 2995 8166 6493 1465 3610 8410 8488 720 5403 7305 7355 92 1467 7035 8688 6306 6326 5799 4899 2880 9449 5184 6076 7396 3207 2481 4111 3227
28 8607 3060 9756 7864 9967 9258 704 6369 5312 3176 7503 7188 2316 6337 1094 2278 9893 1033 705 9171 6118 757 4267 5660 6002 9774 4516 4875
28 5147 6261 5213 7724 9751 3851 8754 3513 8840 9883 6225 997 8605 603 9996 3672 7155 3596 6967 6270 9843 2438 1031 8542 8846 3092 1184 6843
28 5673 9832 3899 3919 3954 7721 3225 2410 4630 5045 1226 9703 5411 2682 4633 1382 2432 762 7961 7325 2455 4173 7987 4222 581 2737 1473 5473
28 5325 9814 5528 8003 1600 504 8320 674 4044 3340 6138 9664 2066 3199 6338 7013 3814 9998 7684 5697 3093 8474 7139 37 6828 6673 2850 3570
28 7760 8232 4773 667 2930 6242 2642 6994 1777 1242 2629 6460 2852 6272 2424 5758 4496 6387 9779 3566 6700 2190 6560 5702 5110 4561 2099 9827
28 2381 9581 8415 7191 2535 4393 5348 8673 3711 734 6210 1206 1933 3065 3063 8713 2697 4191 244 1230 4198 3526 8169 442 9208 9080 8589 8096
28 9764 2156 2954 9042 9076 5144 1198 7840 2477 4559 2260 9728 5913 7104 8135 7779 6953 6946 4372 3012 5203 3538 7490 8955 3547 1967 936 2565
28 5801 9328 8952 1410 8530 2775 1547 9936 9267 3648 2725 9964 9651 777 7363 2581 3869 2299 6827 4159 6067 3087 349 9291 2731 1385 3366 5410
28 929 6599 3937 130 1737 4739 8970 6393 2917 8477 1419 2647 2998 3974 7953 9823 2043 8900 5931 7550 1463 1107 9950 8788 1404 852 9152 1791
28 7205 2198 7695 3694 1178 9721 7910 0 7660 5028 3791 8189 1128 3502 1667 214 6376 1240 3433 2696 8729 206 312 3045 5813 396 8187 5988
28 2091 8103 2365 6509 1429 4677 590 2136 6559 2511 3228 3817 609 7663 2342 6166 618 5628 8199 1649 5321 3673 186 5764 1396 6074 9829 5561
28 5383 1833 8870 16 9273 171 5857 8478 4444 3487 4857 636 4430 1847 5947 6362 9683 2806 1480 1180 329 9259 7197 9074 8935 9113 7965 8898
28 2711 6021 5903 4896 7575 3292 1750 2536 2525 6329 8628 2948 5332 680 6483 1819 4033 4085 6863 3788 2222 6733 2392 4959 6415 7214 1875 4063
28 7313 9151 8026 6092 2353 5654 6007 6389 2403 4158 4064 4375 3795 2944 4776 758 8401 2792 8973 4770 4007 6342 6239 2638 1266 624 5489 3555
28 482 6198 5197 3476 7367 4817 9121 7296 2142 7401 3110 5404 7237 6508 9024 8283 9140 5003 370 3077 2605 4075 3498 692 9285 6798 8298 7908
28 5645 6781 5069 2472 7116 8966 2609 311 841 7374 9970 7645 7340 4603 1461 254 2727 5419 2164 7098 4220 3591 9450 7868 7192 8305 9866 6656
28 7256 3265 9441 7982 7579 768 8375 6409 5496 6708 8760 5169 2878 2576 3271 7385 2692 4541 2131 4429 4626 7818 459 2328 8712 9586 3062 2007
28 9038 6956 7871 3201 1776 1293 6221 6361 7142 3481 7727 545 8035 8038 5426 2125 6180 4865 6195 6064 3617 9550 8739 8174 7411 2904 9018 4418
28 1660 9194 416 8745 8063 1681 941 3203 5301 1118 9771 6552 3635 8963 559 3102 8667 8023 6964 742 1324 1208 4012 3351 7544 166 3218 7996
28 7735 1387 4807 9632 5968 7621 6634 3439 9491 8493 8318 642 5905 3390 7882 6451 8867 9426 4742 8795 8181 9603 2025 5342 9805 2848 5002 3554
28 6982 7132 6640 3659 7528 5783 675 8264 7931 8912 360 2656 1934 3807 9552 7763 5541 7181 6527 8856 7497 6066 6909 485 8018 6068 6332 2587
28 957 5160 446 3322 5151 8937 2622 5177 4938 8025 3546 6582 9370 6176 8762 4072 3971 8587 9530 4972 6880 5814 372 8606 3940 1015 7004 6135
28 8039 2146 5653 1100 3696 7773 8834 4273 5159 2183 7209 7213 3121 9279 8254 274 4149 180 7093 272 9834 1982 2079 9953 8117 8416 1697 6625
28 4830 8502 4507 5115 3442 5051 9955 3587 3018 8206 5413 2502 4179 4986 7586 4335 2292 507 7447 9566 8059 9610 607 3141 5882 3979 6524 9882
28 750 2830 5136 3951 3707 9963 3033 3830 6750 1676 1104 933 6025 1406 7058 4080 8139 5098 7832 5194 6913 2575 4265 9557 3196 7951 7839 1235
28 5326 4574 3579 69 6351 9241 9356 8022 739 2552 8147 5480 5890 1352 5727 1713 4438 4010 5708 6132 727 9722 5981 9924 9788 5734 5513 3021
28 3756 7006 1531 6032 3405 9549 8798 7489 200 2722 7091 8976 228 406 5067 4340 5394 4453 326 1940 4709 2317 2545 8535 1119 103 1211 2623
28 8299 3198 9075 1822 2186 2912 8756 4395 8541 9442 9720 1182 4295 5993 4851 5268 4843 5692 5927 5362 725 542 942 2964 2718 8916 4268 511
28 2765 6257 5206 8890 8204 9874 4313 2238 3185 9126 4782 1292 6178 143 9299 4424 5880 9070 7495 7959 4245 142 5341 5677 1958 5491 1136 1773
28 8121 3240 49 8464 7416 1430 1521 2313 685 400 5350 2826 1126 4218 5767 4845 5037 7823 9701 3967 155 9399 2437 6838 7970 5849 1739 7555
28 7545 3288 4951 1520 421 4082 9803 8718 1603 8593 7522 39 6018 6060 895 8610 645 3325 608 260 3115 3861 2336 3219 8100 5729 6626 8351
28 2563 688 3575 2940 4715 9097 6105 1258 7916 9317 4665 8857 4410 1829 2970 611 5487 6712 7964 5087 7548 9013 5589 714 2709 8060 6960 6647
28 8394 3210 8850 7449 4476 6255 5188 5875 7869 4363 8573 2178 5611 5664 6418 7126 1673 5989 4451 5111 410 4971 8632 1714 4228 4954 1150 447
28 2414 625 7251 4217 9268 1969 703 1368 6553 8150 995 1023 3124 1761 2671 5646 5187 2174 4133 454 136 146 6579 197 1474 8596 4354 5836
28 1568 7794 8073 7516 2906 8046 4221 7880 4003 7304 3743 1709 2033 9501 4637 5827 4051 6288 2402 9230 7420 5025 7101 2063 5459 5918 7772 1397
28 4349 4581 6754 2971 2343 1604 8569 9380 8687 1792 1435 9952 4992 1661 8148 1122 2110 9671 9144 5641 1755 8411 823 7524 3936 4872 5050 2157
28 280 7047 227 659 5400 3733 1487 7675 8876 9203 4130 644 7404 9844 2010 6629 101 4035 8054 2871 921 5824 1500 8777 7746 3653 4832 2719
28 8246 3832 1556 3855 2323 6125 7239 9975 3777 2009 4243 7525 9228 8007 7233 2283 830 1640 6734 176 6122 9379 9819 8747 486 8953 7903 6480
28 3860 7382 6888 4957 9754 289 8012 9762 6300 9274 1092 8907 4825 339 3026 4112 3574 247 9896 3761 1478 8163 8179 4105 7518 2907 7921 9192
28 804 1030 5966 1275 6177 3118 4703 4478 1549 2955 715 584 3798 805 153 4109 2695 1450 7168 1757 3793 4427 9948 4608 616 1288 1928 7471
28 816 4671 5564 8949 4200 1283 7375 7768 6550 6847 4431 5701 832 3759 5006 4756 8960 3790 4595 8692 7057 1202 8838 6907 5725 1022 9645 2406
28 5233 1824 1704 6363 3291 6322 8201 9107 9149 51 4032 5124 7459 1621 3747 815 5040 7231 8198 7403 4022 4620 8308 5996 509 8792 9786 98
28 4494 7179 1746 7253 779 5542 3804 8920 6163 4396 2867 8967 71 1642 3477 4146 5958 7143 4653 8086 8091 4242 8160 1790 2819 9164 2969 4014
28 7229 1573 4238 2469 9033 4104 4486 2331 87 6824 5592 2643 9739 4090 1142 1221 7912 8313 7314 8822 8030 1687 8647 9032 7164 9474 4586 9354
28 474 3171 8134 1809 5999 3186 9961 7278 2562 871 4460 6976 781 6291 9935 6841 1537 7570 9597 3029 6401 1529 6593 3687 7542 9927 6189 9768
28 6897 3209 3051 1772 4123 6868 8050 2744 7202 6015 3280 1444 4092 6406 8560 5978 8707 1973 8947 495 707 2579 1669 818 5549 8582 8774 2783
28 4634 5837 6765 5553 6073 7728 9989 7369 3715 5133 7407 8755 2606 8142 3461 3458 2564 2886 6054 853 4073 1153 6702 3998 6059 1010 2532 7886
28 1595 8653 7496 4279 9627 3755 4795 5396 9327 2320 5509 6999 2080 3806 1358 6968 4106 5389 9611 672 6662 6592 4336 6431 7386 574 6157 5044
28 7642 8948 7173 4006 7232 6822 1592 3420 7755 1248 2030 7983 2842 1223 6502 5565 5539 7210 2941 7067 2486 5710 5624 5560 2537 9422 8092 2582
28 8896 1492 5886 5387 9150 4983 3917 4809 1028 1259 1526 8413 3686 7623 7859 2326 9999 4752 4187 1273 8405 8065 5709 8203 8081 8484 1991 6173
28 5535 2698 2649 4535 4976 9489 606 9648 902 6344 6033 2116 1489 6484 9091 3677 2740 1950 1619 9396 4932 2476 9004 3112 9900 4197 6947 3071
28 3452 9692 9747 8624 8936 8108 7412 6215 1810 4542 5311 1589 5869 8842 6670 7307 2972 2910 3718 9009 6923 6467 7461 1951 9517 587 7850 6088
28 2996 6543 1067 1835 5585 6481 2782 9939 1759 6472 9917 8832 3360 8334 6433 5737 7221 325 2344 5754 579 3070 8302 3098 7413 9765 1533 2661
28 9696 9688 7475 5516 3050 397 1542 9533 7693 3989 70 1988 237 1188 585 5409 3895 6965 483 3475 1605 9605 3542 8555 4973 2716 4556 4364
28 4260 8669 6857 1614 5148 6016 466 8463 2179 7664 6820 5083 8666 8015 1530 3470 5199 9647 7127 6381 1949 284 5300 2491 9642 1446 2556 277
28 3827 9445 4944 3350 627 7679 7691 4734 1895 2595 7284 7282 7949 8066 5346 3616 6518 536 2271 5630 6081 3221 4155 1347 1227 2911 950 6537
28 2847 2517 8017 6474 663 8266 9407 435 7483 2280 9500 8437 3819 9824 210 8860 2364 5236 9641 9088 1987 6679 3447 6534 1762 2345 8151 1099
28 1204 5130 1021 3064 5181 6753 6703 4692 6535 7670 9545 6238 5198 1046 1719 8031 6807 6249 8230 9199 1077 3990 3374 1580 1509 2881 8619 1778
28 9360 773 2813 5751 1890 1441 91 6212 8642 2457 83 5699 8989 1879 2464 1496 5447 9487 9730 5164 1438 9468 5380 9766 6506 7553 2594 202
28 9248 4501 4503 2305 3139 6966 9055 3558 9451 6606 2763 5292 7072 4045 1451 9122 2445 1581 8300 1335 7444 1827 3586 6086 6327 2544 9650 977
28 9740 3179 7380 9408 6283 4867 6299 4950 356 1693 8369 7766 3488 9 3723 9598 7676 8116 3539 8825 433 1018 7799 7644 2093 1601 6542 7187
28 3704 436 6959 8733 9520 1588 8564 2574 2039 7462 532 2412 6368 4602 4368 7124 1169 2113 1291 8457 6126 137 752 3510 6136 5926 5021 711
28 6488 9213 6151 2003 1267 2992 3479 6747 5168 1039 9910 3490 5417 4098 6450 6282 4492 2492 5572 7780 6831 8428 6602 640 2505 3652 9968 1185
28 1415 8383 5077 6889 3177 6280 7061 9583 2207 6256 9281 6773 2465 7290 8124 2193 7081 5393 9511 7646 5414 7562 5234 8527 9143 1615 4502 8805
28 7186 1539 1113 2384 2815 9027 216 1932 6162 363 2547 2857 7312 3269 1726 8129 52 6045 7262 864 797 9305 10 4369 1543 4680 7362 6017
28 7855 3782 9743 3867 6516 7865 6341 4642 9994 6268 972 2255 2900 2657 2939 6075 4525 2227 3776 4778 6031 4729 9813 4320 6921 3148 3305 8753
28 9446 4922 8027 2244 2747 1787 6616 9133 2233 5879 8213 6454 5974 782 475 3370 5239 8804 9676 8662 1513 5518 6541 6077 8782 3168 9100 7947
28 7781 6770 7694 3682 3702 9678 8913 2021 7993 7812 4178 7873 9618 9010 245 9050 8028 1584 5750 2742 2347 8408 2612 7683 7100 2008 561 6121
28 7297 6557 6294 8885 3764 949 7065 7541 2961 7651 6171 3631 394 2500 2220 8373 6302 5816 631 5267 3966 9146 8433 3727 415 9687 4714 4712
28 3025 2607 1491 1675 4195 15 7299 107 266 4520 3277 4515 9655 3393 7831 6644 7206 6110 772 9711 9938 1501 9335 3369 7280 7089 824 212
28 8961 9157 4751 5895 5005 6485 4069 5457 8680 1671 9526 6145 8538 8814 2348 4113 8210 5212 5468 2127 4234 8531 18 8823 1393 1464 1559 4690
28 9443 4662 5721 2736 2841 4314 2868 9880 4079 1301 3797 8813 4402 8925 3152 8190 2111 4847 3263 7506 8785 8888 9301 4884 1765 1071 4962 2217
28 1752 8545 5865 9224 8820 2801 4722 3299 5969 4638 4504 6954 916 2632 8630 9570 6403 1780 2726 8767 8361 1570 195 3493 5805 2067 6269 7260
28 94 8730 336 7744 1390 3238 2838 2738 2937 9818 2590 9051 9311 5427 1636 6226 9674 5272 9749 6333 6070 8079 6661 455 7617 3421 8548 7775
28 9718 1130 450 8130 9515 4053 3300 1433 8458 4929 1622 2913 8435 673 9707 3287 4570 5640 7333 8312 6645 1782 9508 8672 7791 2959 2431 4871
28 7539 3632 3471 5696 2051 2221 5435 3520 7046 1089 5175 9092 5259 5761 5191 5746 5484 440 9920 776 9333 3572 3224 3800 9705 9904 4866 9556
28 2086 7639 2855 9039 6815 1236 2096 1299 980 1545 4941 9821 5200 7043 3096 7515 9427 2899 4618 2515 9541 7665 1857 894 2510 7261 836 3436
28 8364 3076 5908 8841 8471 6292 2918 2687 261 7876 5951 1069 5162 1721 2540 9312 7236 7425 2602 6285 7565 5872 7897 3111 516 491 696 5392
28 3104 159 810 1700 4910 6794 8958 7960 9554 4095 7131 4582 5847 1418 6398 6539 9525 5340 4399 9269 3509 293 7512 1786 9679 321 5178 9802
28 3482 4949 9492 2769 3992 1913 43 9461 194 6860 8677 76 1262 863 2369 9757 8773 6689 4604 4464 959 3626 7480 737 1333 2041 2829 1990
28 3720 8183 1186 6756 9772 4639 851 4251 1839 1692 3925 8347 55 3585 6696 3978 7803 3327 2112 3217 6144 1953 5225 9124 5711 9991 6737 537
28 3492 2351 8080 4717 9484 5307 6676 8423 5757 6037 5036 2887 2092 9455 8348 958 2341 8041 4086 4330 5743 8635 6981 2812 8979 8272 1313 4625
28 862 8339 498 9219 1758 9773 8093 1735 2281 6412 5440 258 2314 6457 7493 4815 6396 1231 8671 7051 9265 8951 1443 6022 6533 6184 3202 2155
28 7511 1125 1924 5461 404 3267 1414 2794 3654 7955 5192 8552 6612 3568 5718 8295 6079 2488 6775 6987 1902 5437 9905 4490 7152 9987 4897 2494
28 286 8472 8969 6234 879 2101 2673 8001 8469 3908 1899 9871 3241 7973 533 4934 56 2229 2592 5676 4675 1658 9198 889 7991 3289 8583 5644
28 7606 2864 7611 9019 9640 2218 456 1302 6328 6690 6918 2935 2017 6945 8871 802 6768 9534 8056 6525 3658 5922 3995 3729 9134 6028 4540 9481
28 90 596 7014 9128 4126 795 3019 2409 437 9260 753 310 5894 9185 3108 981 9419 2660 9016 6558 9775 2363 3688 5946 6660 3308 8945 7899
28 1512 7337 8592 5310 1210 5318 9665 2433 8398 4272 452 359 5118 5808 8787 1488 2419 4706 2460 4663 1200 6840 6273 856 621 5092 5029 7907
28 994 1312 4660 5349 5226 2024 5079 7338 2846 1980 9173 6814 1097 4161 5732 9292 4740 4070 3569 6346 4029 4462 9661 4287 2567 2616 1345 5273
28 626 2550 7011 170 82 515 6427 499 1609 5407 3863 7076 8722 9448 8796 5378 6884 6343 1591 1296 8806 5221 5120 3459 7106 8959 3633 9837
28 9288 5336 7183 7481 5520 7286 5125 6419 3802 7709 7925 3982 5579 861 1453 733 6617 2321 8379 3738 6834 8157 8929 9069 749 8225 7885 7063
28 4980 4796 915 1756 2395 6766 5167 2674 943 4652 4728 3434 9158 2413 1137 3067 5248 3125 4359 7372 5961 8456 1005 4631 1316 1655 870 3876
28 9727 8128 6778 9559 3323 73 319 5163 9949 6233 8260 3955 5063 9367 2739 3662 6621 3824 4861 3282 129 1989 5657 4664 1939 3328 3826 3006
28 2713 9662 4808 850 5658 589 3272 1194 4889 893 4945 8144 6206 6253 4351 6698 2653 2333 7632 3000 5762 9176 7857 9082 6704 7900 8539 6730
28 4447 3496 6992 2140 5940 791 3573 4524 4247 5490 4497 8350 4985 1314 7012 938 9469 9567 6900 6894 7434 8344 7486 9034 6867 2189 3956 5674
28 1925 9498 854 8547 5574 8421 8494 9310 3158 2646 5304 2946 8661 3382 9326 7212 5295 6039 8868 4711 5143 2875 3910 5294 426 3226 3868 8696
28 8590 8468 5476 3932 9816 2677 3541 4745 4640 8689 9368 8734 239 2973 3514 2187 4555 7189 6232 1844 6259 7169 8188 4008 8409 7246 7474 1596
28 5097 4474 3027 4824 2752 4304 7605 1174 7680 3508 7776 1880 7989 9261 1706 3250 7834 1336 9758 6549 7904 7204 9903 3527 2054 5054 5635 7774
28 6152 1846 9951 1442 6869 5210 2608 9172 2542 7135 9812 4869 1459 2967 4276 4727 955 285 2362 9386 1534 9486 9348 8032 6181 8024 3901 5320
28 6319 6668 2524 460 5258 6379 4673 380 3500 323 2011 9677 8752 6044 7431 2475 4509 4609 7783 122 8069 5452 695 1254 192 9748 9188 1993
28 3775 8207 128 896 9428 8651 1865 6274 5570 6711 9815 4914 9250 5330 8621 4819 6104 1578 2639 7640 1251 4569 8706 4416 7810 2357 7322 4789
28 3929 3169 5740 4480 5182 5990 5863 5376 8528 7784 5964 1585 5024 2645 7167 6432 3890 241 9875 3395 7254 4484 5039 7289 6932 6762 6217 8114
28 7175 4066 8286 2963 1380 5 2129 4134 8004 3774 161 6813 2859 4748 1353 8051 1088 4534 2045 3792 4528 9972 8243 3237 9148 7789 4775 7460
28 6154 27 9131 7230 6113 7974 3001 1888 3156 4691 5412 5998 8352 5450 7725 8168 3928 538 8331 8580 5264 267 8323 9065 5569 501 119 3048
28 8568 9031 8565 3746 3009 220 6643 3489 4562 5142 8089 5291 9833 2817 2982 9830 4059 2929 7373 9125 3924 9859 932 2926 196 7435 3957 4821
28 8440 2297 6890 9804 2914 738 690 8553 8042 472 8253 2382 709 8137 7844 4207 5741 481 6839 3915 9275 2421 1900 8520 8068 9398 4791 6596
28 275 9136 6046 8829 2013 7176 1243 1944 5343 9634 6705 2370 1650 7588 4120 4434 9295 2690 4357 8705 458 6101 7619 9878 6360 8918 5481 7540
28 3235 1038 5917 4917 9790 9915 6267 9182 8274 4792 8153 67 6646 3700 5786 1887 6334 3432 3638 3789 890 2669 1974 3842 4479 467 2493 3504
28 5388 9589 89 2252 462 4252 1593 7561 4325 4997 1861 5791 5080 6026 7088 388 8029 8119 9473 1510 7198 1232 5575 978 1937 5161 1106 1177
28 1359 3247 7329 2042 338 7607 630 800 9289 4958 2522 6674 2818 2903 4277 86 4522 4654 2259 488 4920 8126 6139 7551 7738 2902 6842 3375
28 9243 9887 4481 3462 6556 53 164 4452 5861 9254 4774 5249 6719 7077 1171 8175 4610 6487 9085 3999 7920 5992 4319 6324 2094 6823 6235 2791
28 7216 3505 8781 4311 7625 6464 1804 7356 6236 4241 9593 7059 3246 1103 1409 9794 904 2307 72 104 7137 7567 1841 3208 9001 6397 9349 9969
28 1831 6980 2005 9592 8237 167 3205 8646 848 7450 3494 7377 9280 729 751 3400 1117 3885 4826 7507 7193 8075 1633 7453 2170 448 3769 496
28 1191 23 9470 9385 9139 8954 8111 3182 9425 5687 9482 123 3095 8255 1392 9197 9659 1502 5636 9026 4102 6455 7977 4042 3710 9003 1522 1793
28 1942 9538 7529 9286 1220 3318 2770 5639 1477 9548 9090 1389 9303 2428 8422 7200 7437 5672 9518 5891 4308 6801 2883 9170 2275 4352 2781 2630
28 1062 811 7421 8324 4716 2279 5323 3647 1121 9093 8245 4316 4215 5909 4761 7778 335 7410 7479 5871 4041 520 4505 7647 3717 9463 7593 4747
28 5939 4303 271 4442 2966 3836 4975 3934 6230 2654 6914 5770 2877 9411 1063 5479 1376 9709 4016 8380 3624 506 7754 2046 6169 2999 2786 9204
28 2803 5557 6819 8049 8751 2519 7800 8911 7468 1082 1309 1915 2833 4617 4669 5982 7500 7975 268 5625 7269 897 1811 5615 9476 24 4956 4978
28 4989 8504 1816 968 2085 1276 3090 9350 9314 9889 6893 5811 9490 6996 7199 492 8226 1623 1563 8524 1355 7452 632 4450 6447 4590 4881 1627
28 846 2202 7309 3278 1855 6554 1344 9362 5769 7062 4293 6693 331 58 2837 9617 3043 9528 3773 7825 364 3613 8940 6339 573 9916 6240 7534
28 6683 7704 3383 9606 4697 1740 33 5390 7078 1269 1493 4344 5438 8864 5202 9852 5081 8866 6505 4863 7530 3309 8902 1237 8516 4518 5915 8194
28 8366 5467 9940 8438 3671 4567 1238 2950 1897 8655 7071 5442 9434 7696 6742 2757 5013 4162 9901 4668 3032 8014 2796 4407 6013 9071 8132 9343
28 3628 1425 34 3172 2168 408 5637 4454 5090 3565 1724 2188 5108 4578 6426 6594 9103 1732 508 9142 9114 2074 5286 9667 7858 2306 5365 1868
28 6720 5944 1751 7026 6677 2167 7349 3243 5802 3835 4281 741 7846 4743 278 5546 1225 2133 8608 4269 9062 6517 8836 9020 4820 5543 2456 1651
28 6062 839 9236 6936 3623 8681 3348 5556 4457 2558 1647 911 1490 4925 1830 6119 6758 812 9337 6870 162 298 5445 6713 4995 9723 6564 9982
28 405 4246 8851 5128 4144 5867 4137 106 1620 7743 199 6434 6352 3132 5477 6786 2485 3419 9316 4725 4536 7905 2483 4927 3993 8891 6498 9558
28 1893 4236 5511 9884 8074 5229 7538 4048 4521 6385 4990 5818 3622 2165 6706 2034 211 8269 1803 5929 9638 3823 2340 6011 253 5280 8240 8392
28 9417 8983 1779 3950 7790 4309 7201 2489 2601 4334 7328 3563 5874 5122 1413 2979 7932 3594 7573 3900 9684 217 7128 4746 6503 8228 3381 1864
28 4632 2496 8400 2526 9752 6262 9394 2158 1797 7268 5096 2897 6728 8886 3786 8982 5242 744 976 7504 7085 2089 661 8515 6929 4698 3106 7341
28 4805 8406 4996 8833 9974 9391 8239 3604 3912 5384 7032 1163 8512 6749 7924 2256 4470 4404 4023 8397 3874 9318 6751 2667 5344 2516 5551 7049
28 7494 476 9506 2396 5423 9165 8609 2797 3234 7415 8862 6098 7247 2761 2549 7196 386 2839 6789 2458 9245 9879 5719 2962 638 4683 5897 2678
28 7487 1271 5529 9966 8445 8526 8791 4672 8262 7190 2891 7958 428 7258 4213 5505 7733 2173 3245 7797 2773 2503 8556 2261 731 2268 7537 2504
28 9826 1035 7689 1926 5117 3049 8790 484 987 313 2062 4136 7701 3377 6175 2888 6353 912 6736 9000 1475 8287 2109 3946 4702 2487 6650 7348
28 352 5613 1066 9052 6000 8462 7464 1541 9798 2243 1708 5488 4132 2534 9547 7888 8217 5186 3142 165 5089 4342 2978 5812 8559 9452 6974 9527
28 2090 2583 7358 9785 1123 6985 9238 6738 7045 5189 3986 798 8248 5015 9877 7909 222 5131 7283 3052 469 6420 1112 6688 1798 4699 8768 7820
28 3503 2795 2836 3264 3744 813 4597 1012 4831 1680 546 8931 954 4160 9359 7558 1848 5495 8997 3342 5888 7389 828 787 9542 4237 8514 4977
28 4397 8152 544 7351 2147 6746 513 8741 1602 4647 7767 5694 1144 5839 7310 4614 8758 4305 875 5338 3497 8202 6619 2885 1361 8487 2620 3531
28 7030 3551 2557 6961 5829 7381 8442 6744 1326 6666 2943 2020 2121 1873 7893 9400 7438 6526 6528 6023 1528 3469 6911 9025 8660 3522 9841 9255
28 3665 9447 8513 6030 8162 8992 7891 6971 8993 2083 3892 8892 4599 231 3753 7378 7994 755 2598 7821 3230 712 8742 4531 2703 8501 5361 9510
28 9850 4433 7979 5483 5713 2569 9223 5296 565 3398 4921 8335 1972 2082 3963 1606 4244 8396 3414 7685 7302 3133 2694 1594 6654 3962 5717 5269
28 4166 4392 2418 2037 952 5610 7526 1525 4885 525 4544 7432 9043 2056 9390 5924 5806 1910 9783 4606 9298 6723 7360 1728 641 556 7697 7559
28 1896 8205 6093 9130 1644 1612 1009 8256 4174 1207 8889 4266 5854 1936 48 6530 263 6938 6127 6383 5656 1646 9620 5402 9563 7938 3872 5033
28 7708 6001 702 7020 1241 208 8285 3480 9531 5121 3825 2610 1176 6757 9931 1456 2231 9156 4786 6896 4558 3676 7998 3450 5937 3816 5953 7215
28 5967 8447 6623 3866 4834 908 308 2266 5510 8944 5064 5289 7589 3034 8490 5662 64 5554 7624 9028 2461 2588 1061 4584 9947 8011 1350 8009
28 6597 553 9227 9984 6922 555 3669 6764 9006 8309 5533 1172 6082 5265 3401 4814 649 5357 7762 7940 9715 6254 7666 9865 9912 7029 4707 5065
28 2335 6347 3640 540 931 4788 8968 2247 2303 620 5983 4565 924 9672 3180 9810 297 7103 8459 4731 7293 4324 9201 1470 8981 4890 4256 9799
28 8835 1691 4169 6459 4152 221 7513 2499 2318 6364 2924 9057 1796 125 5804 3073 8519 9174 4894 9746 6642 2443 6799 4360 1975 4552 9403 7756
28 3181 3856 2777 2304 3455 5714 5228 4315 5822 5382 3402 5106 855 989 920 3961 8319 4261 4719 3178 1388 8449 1718 9524 5466 3138 6810 7722
28 6671 534 4067 961 5460 5671 4298 6979 9231 7419 2100 5000 3705 7962 2151 5026 2309 7848 8674 1992 728 1481 9977 2721 6308 1369 7194 8314
28 8432 5008 736 2195 3164 7668 5925 6615 2274 5070 9087 7554 858 7298 1517 7795 8720 1941 9083 6219 315 7339 6209 235 2749 3697 6955 124
